{"total": {"lines":{"total":3967,"covered":1631,"skipped":0,"pct":41.11},"statements":{"total":3967,"covered":1631,"skipped":0,"pct":41.11},"functions":{"total":169,"covered":56,"skipped":0,"pct":33.13},"branches":{"total":217,"covered":67,"skipped":0,"pct":30.87},"branchesTrue":{"total":0,"covered":0,"skipped":0,"pct":100}}
,"/home/hemicharly/Documentos/Desenvolvimento/estudos/timesheet-in-transit/app/src/core/domain/entities/auth/apikeyapplication-creation-core.entity.ts": {"lines":{"total":8,"covered":0,"skipped":0,"pct":0},"functions":{"total":1,"covered":0,"skipped":0,"pct":0},"statements":{"total":8,"covered":0,"skipped":0,"pct":0},"branches":{"total":1,"covered":0,"skipped":0,"pct":0}}
,"/home/hemicharly/Documentos/Desenvolvimento/estudos/timesheet-in-transit/app/src/core/domain/entities/auth/index.ts": {"lines":{"total":1,"covered":1,"skipped":0,"pct":100},"functions":{"total":0,"covered":0,"skipped":0,"pct":100},"statements":{"total":1,"covered":1,"skipped":0,"pct":100},"branches":{"total":0,"covered":0,"skipped":0,"pct":100}}
,"/home/hemicharly/Documentos/Desenvolvimento/estudos/timesheet-in-transit/app/src/core/domain/entities/notifications/index.ts": {"lines":{"total":1,"covered":1,"skipped":0,"pct":100},"functions":{"total":0,"covered":0,"skipped":0,"pct":100},"statements":{"total":1,"covered":1,"skipped":0,"pct":100},"branches":{"total":0,"covered":0,"skipped":0,"pct":100}}
,"/home/hemicharly/Documentos/Desenvolvimento/estudos/timesheet-in-transit/app/src/core/domain/entities/notifications/notification.order-core.entity.ts": {"lines":{"total":45,"covered":2,"skipped":0,"pct":4.44},"functions":{"total":1,"covered":0,"skipped":0,"pct":0},"statements":{"total":45,"covered":2,"skipped":0,"pct":4.44},"branches":{"total":1,"covered":0,"skipped":0,"pct":0}}
,"/home/hemicharly/Documentos/Desenvolvimento/estudos/timesheet-in-transit/app/src/core/domain/entities/orders/index.ts": {"lines":{"total":11,"covered":11,"skipped":0,"pct":100},"functions":{"total":0,"covered":0,"skipped":0,"pct":100},"statements":{"total":11,"covered":11,"skipped":0,"pct":100},"branches":{"total":0,"covered":0,"skipped":0,"pct":100}}
,"/home/hemicharly/Documentos/Desenvolvimento/estudos/timesheet-in-transit/app/src/core/domain/entities/orders/order-coords-core.entity.ts": {"lines":{"total":85,"covered":85,"skipped":0,"pct":100},"functions":{"total":5,"covered":5,"skipped":0,"pct":100},"statements":{"total":85,"covered":85,"skipped":0,"pct":100},"branches":{"total":8,"covered":8,"skipped":0,"pct":100}}
,"/home/hemicharly/Documentos/Desenvolvimento/estudos/timesheet-in-transit/app/src/core/domain/entities/orders/order-core.entity.ts": {"lines":{"total":28,"covered":3,"skipped":0,"pct":10.71},"functions":{"total":1,"covered":0,"skipped":0,"pct":0},"statements":{"total":28,"covered":3,"skipped":0,"pct":10.71},"branches":{"total":0,"covered":0,"skipped":0,"pct":100}}
,"/home/hemicharly/Documentos/Desenvolvimento/estudos/timesheet-in-transit/app/src/core/domain/entities/orders/order-creation-core.entity.ts": {"lines":{"total":28,"covered":18,"skipped":0,"pct":64.28},"functions":{"total":3,"covered":2,"skipped":0,"pct":66.66},"statements":{"total":28,"covered":18,"skipped":0,"pct":64.28},"branches":{"total":2,"covered":2,"skipped":0,"pct":100}}
,"/home/hemicharly/Documentos/Desenvolvimento/estudos/timesheet-in-transit/app/src/core/domain/entities/orders/order-end-core.entity.ts": {"lines":{"total":66,"covered":58,"skipped":0,"pct":87.87},"functions":{"total":3,"covered":2,"skipped":0,"pct":66.66},"statements":{"total":66,"covered":58,"skipped":0,"pct":87.87},"branches":{"total":2,"covered":2,"skipped":0,"pct":100}}
,"/home/hemicharly/Documentos/Desenvolvimento/estudos/timesheet-in-transit/app/src/core/domain/entities/orders/order-find-by-id-core.entity.ts": {"lines":{"total":6,"covered":6,"skipped":0,"pct":100},"functions":{"total":2,"covered":2,"skipped":0,"pct":100},"statements":{"total":6,"covered":6,"skipped":0,"pct":100},"branches":{"total":2,"covered":2,"skipped":0,"pct":100}}
,"/home/hemicharly/Documentos/Desenvolvimento/estudos/timesheet-in-transit/app/src/core/domain/entities/orders/order-pagination-core.entity.ts": {"lines":{"total":14,"covered":3,"skipped":0,"pct":21.42},"functions":{"total":1,"covered":0,"skipped":0,"pct":0},"statements":{"total":14,"covered":3,"skipped":0,"pct":21.42},"branches":{"total":0,"covered":0,"skipped":0,"pct":100}}
,"/home/hemicharly/Documentos/Desenvolvimento/estudos/timesheet-in-transit/app/src/core/domain/entities/orders/order-quantity-status.entity.ts": {"lines":{"total":19,"covered":2,"skipped":0,"pct":10.52},"functions":{"total":1,"covered":0,"skipped":0,"pct":0},"statements":{"total":19,"covered":2,"skipped":0,"pct":10.52},"branches":{"total":0,"covered":0,"skipped":0,"pct":100}}
,"/home/hemicharly/Documentos/Desenvolvimento/estudos/timesheet-in-transit/app/src/core/domain/entities/orders/order-query-core.entity.ts": {"lines":{"total":19,"covered":19,"skipped":0,"pct":100},"functions":{"total":2,"covered":2,"skipped":0,"pct":100},"statements":{"total":19,"covered":19,"skipped":0,"pct":100},"branches":{"total":2,"covered":2,"skipped":0,"pct":100}}
,"/home/hemicharly/Documentos/Desenvolvimento/estudos/timesheet-in-transit/app/src/core/domain/entities/orders/order-query-quantity-status-core.entity.ts": {"lines":{"total":18,"covered":18,"skipped":0,"pct":100},"functions":{"total":2,"covered":2,"skipped":0,"pct":100},"statements":{"total":18,"covered":18,"skipped":0,"pct":100},"branches":{"total":2,"covered":2,"skipped":0,"pct":100}}
,"/home/hemicharly/Documentos/Desenvolvimento/estudos/timesheet-in-transit/app/src/core/domain/entities/orders/order-start-core.entity.ts": {"lines":{"total":61,"covered":53,"skipped":0,"pct":86.88},"functions":{"total":3,"covered":2,"skipped":0,"pct":66.66},"statements":{"total":61,"covered":53,"skipped":0,"pct":86.88},"branches":{"total":2,"covered":2,"skipped":0,"pct":100}}
,"/home/hemicharly/Documentos/Desenvolvimento/estudos/timesheet-in-transit/app/src/core/domain/entities/orders/order-total-hours-core.entity.ts": {"lines":{"total":113,"covered":7,"skipped":0,"pct":6.19},"functions":{"total":1,"covered":0,"skipped":0,"pct":0},"statements":{"total":113,"covered":7,"skipped":0,"pct":6.19},"branches":{"total":0,"covered":0,"skipped":0,"pct":100}}
,"/home/hemicharly/Documentos/Desenvolvimento/estudos/timesheet-in-transit/app/src/core/domain/entities/shared/error-item-core.entity.ts": {"lines":{"total":4,"covered":0,"skipped":0,"pct":0},"functions":{"total":1,"covered":0,"skipped":0,"pct":0},"statements":{"total":4,"covered":0,"skipped":0,"pct":0},"branches":{"total":0,"covered":0,"skipped":0,"pct":100}}
,"/home/hemicharly/Documentos/Desenvolvimento/estudos/timesheet-in-transit/app/src/core/domain/entities/shared/generic-pagination-core.entity.ts": {"lines":{"total":11,"covered":2,"skipped":0,"pct":18.18},"functions":{"total":1,"covered":0,"skipped":0,"pct":0},"statements":{"total":11,"covered":2,"skipped":0,"pct":18.18},"branches":{"total":0,"covered":0,"skipped":0,"pct":100}}
,"/home/hemicharly/Documentos/Desenvolvimento/estudos/timesheet-in-transit/app/src/core/domain/entities/shared/index.ts": {"lines":{"total":4,"covered":4,"skipped":0,"pct":100},"functions":{"total":0,"covered":0,"skipped":0,"pct":100},"statements":{"total":4,"covered":4,"skipped":0,"pct":100},"branches":{"total":0,"covered":0,"skipped":0,"pct":100}}
,"/home/hemicharly/Documentos/Desenvolvimento/estudos/timesheet-in-transit/app/src/core/domain/entities/shared/pagination-core.entity.ts": {"lines":{"total":11,"covered":11,"skipped":0,"pct":100},"functions":{"total":2,"covered":2,"skipped":0,"pct":100},"statements":{"total":11,"covered":11,"skipped":0,"pct":100},"branches":{"total":3,"covered":2,"skipped":0,"pct":66.66}}
,"/home/hemicharly/Documentos/Desenvolvimento/estudos/timesheet-in-transit/app/src/core/domain/entities/shared/validate-dates-core.entity.ts": {"lines":{"total":16,"covered":6,"skipped":0,"pct":37.5},"functions":{"total":1,"covered":0,"skipped":0,"pct":0},"statements":{"total":16,"covered":6,"skipped":0,"pct":37.5},"branches":{"total":0,"covered":0,"skipped":0,"pct":100}}
,"/home/hemicharly/Documentos/Desenvolvimento/estudos/timesheet-in-transit/app/src/core/domain/enums/index.ts": {"lines":{"total":2,"covered":2,"skipped":0,"pct":100},"functions":{"total":0,"covered":0,"skipped":0,"pct":100},"statements":{"total":2,"covered":2,"skipped":0,"pct":100},"branches":{"total":0,"covered":0,"skipped":0,"pct":100}}
,"/home/hemicharly/Documentos/Desenvolvimento/estudos/timesheet-in-transit/app/src/core/domain/enums/order-status.enum.ts": {"lines":{"total":5,"covered":5,"skipped":0,"pct":100},"functions":{"total":0,"covered":0,"skipped":0,"pct":100},"statements":{"total":5,"covered":5,"skipped":0,"pct":100},"branches":{"total":1,"covered":1,"skipped":0,"pct":100}}
,"/home/hemicharly/Documentos/Desenvolvimento/estudos/timesheet-in-transit/app/src/core/domain/enums/period-group.enum.ts": {"lines":{"total":6,"covered":6,"skipped":0,"pct":100},"functions":{"total":0,"covered":0,"skipped":0,"pct":100},"statements":{"total":6,"covered":6,"skipped":0,"pct":100},"branches":{"total":1,"covered":1,"skipped":0,"pct":100}}
,"/home/hemicharly/Documentos/Desenvolvimento/estudos/timesheet-in-transit/app/src/core/domain/exceptions/abstract-base.exception.ts": {"lines":{"total":12,"covered":12,"skipped":0,"pct":100},"functions":{"total":2,"covered":2,"skipped":0,"pct":100},"statements":{"total":12,"covered":12,"skipped":0,"pct":100},"branches":{"total":4,"covered":3,"skipped":0,"pct":75}}
,"/home/hemicharly/Documentos/Desenvolvimento/estudos/timesheet-in-transit/app/src/core/domain/exceptions/custom-business.exception.ts": {"lines":{"total":8,"covered":8,"skipped":0,"pct":100},"functions":{"total":2,"covered":2,"skipped":0,"pct":100},"statements":{"total":8,"covered":8,"skipped":0,"pct":100},"branches":{"total":2,"covered":2,"skipped":0,"pct":100}}
,"/home/hemicharly/Documentos/Desenvolvimento/estudos/timesheet-in-transit/app/src/core/domain/exceptions/custom-conflict.exception.ts": {"lines":{"total":8,"covered":3,"skipped":0,"pct":37.5},"functions":{"total":1,"covered":0,"skipped":0,"pct":0},"statements":{"total":8,"covered":3,"skipped":0,"pct":37.5},"branches":{"total":0,"covered":0,"skipped":0,"pct":100}}
,"/home/hemicharly/Documentos/Desenvolvimento/estudos/timesheet-in-transit/app/src/core/domain/exceptions/custom-forbidden.exception.ts": {"lines":{"total":7,"covered":5,"skipped":0,"pct":71.42},"functions":{"total":1,"covered":0,"skipped":0,"pct":0},"statements":{"total":7,"covered":5,"skipped":0,"pct":71.42},"branches":{"total":0,"covered":0,"skipped":0,"pct":100}}
,"/home/hemicharly/Documentos/Desenvolvimento/estudos/timesheet-in-transit/app/src/core/domain/exceptions/custom-resource-not-found.exception.ts": {"lines":{"total":8,"covered":3,"skipped":0,"pct":37.5},"functions":{"total":1,"covered":0,"skipped":0,"pct":0},"statements":{"total":8,"covered":3,"skipped":0,"pct":37.5},"branches":{"total":0,"covered":0,"skipped":0,"pct":100}}
,"/home/hemicharly/Documentos/Desenvolvimento/estudos/timesheet-in-transit/app/src/core/domain/exceptions/custom-unauthorized.exception.ts": {"lines":{"total":7,"covered":5,"skipped":0,"pct":71.42},"functions":{"total":1,"covered":0,"skipped":0,"pct":0},"statements":{"total":7,"covered":5,"skipped":0,"pct":71.42},"branches":{"total":0,"covered":0,"skipped":0,"pct":100}}
,"/home/hemicharly/Documentos/Desenvolvimento/estudos/timesheet-in-transit/app/src/core/domain/exceptions/index.ts": {"lines":{"total":6,"covered":6,"skipped":0,"pct":100},"functions":{"total":0,"covered":0,"skipped":0,"pct":100},"statements":{"total":6,"covered":6,"skipped":0,"pct":100},"branches":{"total":0,"covered":0,"skipped":0,"pct":100}}
,"/home/hemicharly/Documentos/Desenvolvimento/estudos/timesheet-in-transit/app/src/core/domain/exceptions/error/code-error.ts": {"lines":{"total":24,"covered":24,"skipped":0,"pct":100},"functions":{"total":0,"covered":0,"skipped":0,"pct":100},"statements":{"total":24,"covered":24,"skipped":0,"pct":100},"branches":{"total":0,"covered":0,"skipped":0,"pct":100}}
,"/home/hemicharly/Documentos/Desenvolvimento/estudos/timesheet-in-transit/app/src/core/domain/exceptions/error/index.ts": {"lines":{"total":1,"covered":1,"skipped":0,"pct":100},"functions":{"total":0,"covered":0,"skipped":0,"pct":100},"statements":{"total":1,"covered":1,"skipped":0,"pct":100},"branches":{"total":0,"covered":0,"skipped":0,"pct":100}}
,"/home/hemicharly/Documentos/Desenvolvimento/estudos/timesheet-in-transit/app/src/core/providers/config-env/config.env.provider.ts": {"lines":{"total":29,"covered":29,"skipped":0,"pct":100},"functions":{"total":0,"covered":0,"skipped":0,"pct":100},"statements":{"total":29,"covered":29,"skipped":0,"pct":100},"branches":{"total":0,"covered":0,"skipped":0,"pct":100}}
,"/home/hemicharly/Documentos/Desenvolvimento/estudos/timesheet-in-transit/app/src/core/providers/config-env/index.ts": {"lines":{"total":1,"covered":1,"skipped":0,"pct":100},"functions":{"total":0,"covered":0,"skipped":0,"pct":100},"statements":{"total":1,"covered":1,"skipped":0,"pct":100},"branches":{"total":0,"covered":0,"skipped":0,"pct":100}}
,"/home/hemicharly/Documentos/Desenvolvimento/estudos/timesheet-in-transit/app/src/core/providers/integrations/index.ts": {"lines":{"total":1,"covered":0,"skipped":0,"pct":0},"functions":{"total":1,"covered":0,"skipped":0,"pct":0},"statements":{"total":1,"covered":0,"skipped":0,"pct":0},"branches":{"total":1,"covered":0,"skipped":0,"pct":0}}
,"/home/hemicharly/Documentos/Desenvolvimento/estudos/timesheet-in-transit/app/src/core/providers/integrations/webhook.integration.client.provider.ts": {"lines":{"total":3,"covered":0,"skipped":0,"pct":0},"functions":{"total":1,"covered":0,"skipped":0,"pct":0},"statements":{"total":3,"covered":0,"skipped":0,"pct":0},"branches":{"total":1,"covered":0,"skipped":0,"pct":0}}
,"/home/hemicharly/Documentos/Desenvolvimento/estudos/timesheet-in-transit/app/src/core/providers/queue/index.ts": {"lines":{"total":1,"covered":0,"skipped":0,"pct":0},"functions":{"total":1,"covered":0,"skipped":0,"pct":0},"statements":{"total":1,"covered":0,"skipped":0,"pct":0},"branches":{"total":1,"covered":0,"skipped":0,"pct":0}}
,"/home/hemicharly/Documentos/Desenvolvimento/estudos/timesheet-in-transit/app/src/core/providers/queue/producer.queue.provider.ts": {"lines":{"total":5,"covered":0,"skipped":0,"pct":0},"functions":{"total":1,"covered":0,"skipped":0,"pct":0},"statements":{"total":5,"covered":0,"skipped":0,"pct":0},"branches":{"total":1,"covered":0,"skipped":0,"pct":0}}
,"/home/hemicharly/Documentos/Desenvolvimento/estudos/timesheet-in-transit/app/src/core/providers/repositories/apikeyapplication-repository.provider.ts": {"lines":{"total":7,"covered":0,"skipped":0,"pct":0},"functions":{"total":1,"covered":0,"skipped":0,"pct":0},"statements":{"total":7,"covered":0,"skipped":0,"pct":0},"branches":{"total":1,"covered":0,"skipped":0,"pct":0}}
,"/home/hemicharly/Documentos/Desenvolvimento/estudos/timesheet-in-transit/app/src/core/providers/repositories/index.ts": {"lines":{"total":2,"covered":0,"skipped":0,"pct":0},"functions":{"total":1,"covered":0,"skipped":0,"pct":0},"statements":{"total":2,"covered":0,"skipped":0,"pct":0},"branches":{"total":1,"covered":0,"skipped":0,"pct":0}}
,"/home/hemicharly/Documentos/Desenvolvimento/estudos/timesheet-in-transit/app/src/core/providers/repositories/order-repository.provider.ts": {"lines":{"total":23,"covered":0,"skipped":0,"pct":0},"functions":{"total":1,"covered":0,"skipped":0,"pct":0},"statements":{"total":23,"covered":0,"skipped":0,"pct":0},"branches":{"total":1,"covered":0,"skipped":0,"pct":0}}
,"/home/hemicharly/Documentos/Desenvolvimento/estudos/timesheet-in-transit/app/src/core/usecases/auth/check-api-key.usecase.ts": {"lines":{"total":5,"covered":5,"skipped":0,"pct":100},"functions":{"total":0,"covered":0,"skipped":0,"pct":100},"statements":{"total":5,"covered":5,"skipped":0,"pct":100},"branches":{"total":0,"covered":0,"skipped":0,"pct":100}}
,"/home/hemicharly/Documentos/Desenvolvimento/estudos/timesheet-in-transit/app/src/core/usecases/auth/index.ts": {"lines":{"total":1,"covered":1,"skipped":0,"pct":100},"functions":{"total":0,"covered":0,"skipped":0,"pct":100},"statements":{"total":1,"covered":1,"skipped":0,"pct":100},"branches":{"total":0,"covered":0,"skipped":0,"pct":100}}
,"/home/hemicharly/Documentos/Desenvolvimento/estudos/timesheet-in-transit/app/src/core/usecases/auth/impl/check-api-key.usecase.impl.ts": {"lines":{"total":41,"covered":5,"skipped":0,"pct":12.19},"functions":{"total":1,"covered":0,"skipped":0,"pct":0},"statements":{"total":41,"covered":5,"skipped":0,"pct":12.19},"branches":{"total":1,"covered":0,"skipped":0,"pct":0}}
,"/home/hemicharly/Documentos/Desenvolvimento/estudos/timesheet-in-transit/app/src/core/usecases/auth/impl/index.ts": {"lines":{"total":1,"covered":1,"skipped":0,"pct":100},"functions":{"total":0,"covered":0,"skipped":0,"pct":100},"statements":{"total":1,"covered":1,"skipped":0,"pct":100},"branches":{"total":0,"covered":0,"skipped":0,"pct":100}}
,"/home/hemicharly/Documentos/Desenvolvimento/estudos/timesheet-in-transit/app/src/core/usecases/notification/index.ts": {"lines":{"total":2,"covered":0,"skipped":0,"pct":0},"functions":{"total":1,"covered":0,"skipped":0,"pct":0},"statements":{"total":2,"covered":0,"skipped":0,"pct":0},"branches":{"total":1,"covered":0,"skipped":0,"pct":0}}
,"/home/hemicharly/Documentos/Desenvolvimento/estudos/timesheet-in-transit/app/src/core/usecases/notification/notification.order.register.usecase.ts": {"lines":{"total":5,"covered":0,"skipped":0,"pct":0},"functions":{"total":1,"covered":0,"skipped":0,"pct":0},"statements":{"total":5,"covered":0,"skipped":0,"pct":0},"branches":{"total":1,"covered":0,"skipped":0,"pct":0}}
,"/home/hemicharly/Documentos/Desenvolvimento/estudos/timesheet-in-transit/app/src/core/usecases/notification/notification.send.webhook.usecase.ts": {"lines":{"total":3,"covered":0,"skipped":0,"pct":0},"functions":{"total":1,"covered":0,"skipped":0,"pct":0},"statements":{"total":3,"covered":0,"skipped":0,"pct":0},"branches":{"total":1,"covered":0,"skipped":0,"pct":0}}
,"/home/hemicharly/Documentos/Desenvolvimento/estudos/timesheet-in-transit/app/src/core/usecases/notification/impl/index.ts": {"lines":{"total":2,"covered":2,"skipped":0,"pct":100},"functions":{"total":0,"covered":0,"skipped":0,"pct":100},"statements":{"total":2,"covered":2,"skipped":0,"pct":100},"branches":{"total":0,"covered":0,"skipped":0,"pct":100}}
,"/home/hemicharly/Documentos/Desenvolvimento/estudos/timesheet-in-transit/app/src/core/usecases/notification/impl/notification.order.register.usecase.impl.ts": {"lines":{"total":15,"covered":5,"skipped":0,"pct":33.33},"functions":{"total":1,"covered":0,"skipped":0,"pct":0},"statements":{"total":15,"covered":5,"skipped":0,"pct":33.33},"branches":{"total":1,"covered":0,"skipped":0,"pct":0}}
,"/home/hemicharly/Documentos/Desenvolvimento/estudos/timesheet-in-transit/app/src/core/usecases/notification/impl/notification.send.webhook.usecase.impl.ts": {"lines":{"total":11,"covered":3,"skipped":0,"pct":27.27},"functions":{"total":1,"covered":0,"skipped":0,"pct":0},"statements":{"total":11,"covered":3,"skipped":0,"pct":27.27},"branches":{"total":1,"covered":0,"skipped":0,"pct":0}}
,"/home/hemicharly/Documentos/Desenvolvimento/estudos/timesheet-in-transit/app/src/core/usecases/orders/index.ts": {"lines":{"total":6,"covered":6,"skipped":0,"pct":100},"functions":{"total":0,"covered":0,"skipped":0,"pct":100},"statements":{"total":6,"covered":6,"skipped":0,"pct":100},"branches":{"total":0,"covered":0,"skipped":0,"pct":100}}
,"/home/hemicharly/Documentos/Desenvolvimento/estudos/timesheet-in-transit/app/src/core/usecases/orders/order-creation.usecase.ts": {"lines":{"total":5,"covered":5,"skipped":0,"pct":100},"functions":{"total":0,"covered":0,"skipped":0,"pct":100},"statements":{"total":5,"covered":5,"skipped":0,"pct":100},"branches":{"total":0,"covered":0,"skipped":0,"pct":100}}
,"/home/hemicharly/Documentos/Desenvolvimento/estudos/timesheet-in-transit/app/src/core/usecases/orders/order-end.usecase.ts": {"lines":{"total":5,"covered":5,"skipped":0,"pct":100},"functions":{"total":0,"covered":0,"skipped":0,"pct":100},"statements":{"total":5,"covered":5,"skipped":0,"pct":100},"branches":{"total":0,"covered":0,"skipped":0,"pct":100}}
,"/home/hemicharly/Documentos/Desenvolvimento/estudos/timesheet-in-transit/app/src/core/usecases/orders/order-find-by-id.usecase.ts": {"lines":{"total":5,"covered":5,"skipped":0,"pct":100},"functions":{"total":0,"covered":0,"skipped":0,"pct":100},"statements":{"total":5,"covered":5,"skipped":0,"pct":100},"branches":{"total":0,"covered":0,"skipped":0,"pct":100}}
,"/home/hemicharly/Documentos/Desenvolvimento/estudos/timesheet-in-transit/app/src/core/usecases/orders/order-query-quantity-status.usecase.ts": {"lines":{"total":5,"covered":5,"skipped":0,"pct":100},"functions":{"total":0,"covered":0,"skipped":0,"pct":100},"statements":{"total":5,"covered":5,"skipped":0,"pct":100},"branches":{"total":0,"covered":0,"skipped":0,"pct":100}}
,"/home/hemicharly/Documentos/Desenvolvimento/estudos/timesheet-in-transit/app/src/core/usecases/orders/order-query.usecase.ts": {"lines":{"total":5,"covered":5,"skipped":0,"pct":100},"functions":{"total":0,"covered":0,"skipped":0,"pct":100},"statements":{"total":5,"covered":5,"skipped":0,"pct":100},"branches":{"total":0,"covered":0,"skipped":0,"pct":100}}
,"/home/hemicharly/Documentos/Desenvolvimento/estudos/timesheet-in-transit/app/src/core/usecases/orders/order-start.usecase.ts": {"lines":{"total":5,"covered":5,"skipped":0,"pct":100},"functions":{"total":0,"covered":0,"skipped":0,"pct":100},"statements":{"total":5,"covered":5,"skipped":0,"pct":100},"branches":{"total":0,"covered":0,"skipped":0,"pct":100}}
,"/home/hemicharly/Documentos/Desenvolvimento/estudos/timesheet-in-transit/app/src/core/usecases/orders/impl/index.ts": {"lines":{"total":6,"covered":6,"skipped":0,"pct":100},"functions":{"total":0,"covered":0,"skipped":0,"pct":100},"statements":{"total":6,"covered":6,"skipped":0,"pct":100},"branches":{"total":0,"covered":0,"skipped":0,"pct":100}}
,"/home/hemicharly/Documentos/Desenvolvimento/estudos/timesheet-in-transit/app/src/core/usecases/orders/impl/order-creation.usecase.impl.ts": {"lines":{"total":24,"covered":6,"skipped":0,"pct":25},"functions":{"total":1,"covered":0,"skipped":0,"pct":0},"statements":{"total":24,"covered":6,"skipped":0,"pct":25},"branches":{"total":1,"covered":0,"skipped":0,"pct":0}}
,"/home/hemicharly/Documentos/Desenvolvimento/estudos/timesheet-in-transit/app/src/core/usecases/orders/impl/order-end.usecase.impl.ts": {"lines":{"total":30,"covered":7,"skipped":0,"pct":23.33},"functions":{"total":1,"covered":0,"skipped":0,"pct":0},"statements":{"total":30,"covered":7,"skipped":0,"pct":23.33},"branches":{"total":1,"covered":0,"skipped":0,"pct":0}}
,"/home/hemicharly/Documentos/Desenvolvimento/estudos/timesheet-in-transit/app/src/core/usecases/orders/impl/order-find-by-id.usecase.impl.ts": {"lines":{"total":17,"covered":6,"skipped":0,"pct":35.29},"functions":{"total":1,"covered":0,"skipped":0,"pct":0},"statements":{"total":17,"covered":6,"skipped":0,"pct":35.29},"branches":{"total":1,"covered":0,"skipped":0,"pct":0}}
,"/home/hemicharly/Documentos/Desenvolvimento/estudos/timesheet-in-transit/app/src/core/usecases/orders/impl/order-query-quantity-status.usecase.impl.ts": {"lines":{"total":13,"covered":5,"skipped":0,"pct":38.46},"functions":{"total":1,"covered":0,"skipped":0,"pct":0},"statements":{"total":13,"covered":5,"skipped":0,"pct":38.46},"branches":{"total":1,"covered":0,"skipped":0,"pct":0}}
,"/home/hemicharly/Documentos/Desenvolvimento/estudos/timesheet-in-transit/app/src/core/usecases/orders/impl/order-query.usecase.impl.ts": {"lines":{"total":15,"covered":5,"skipped":0,"pct":33.33},"functions":{"total":1,"covered":0,"skipped":0,"pct":0},"statements":{"total":15,"covered":5,"skipped":0,"pct":33.33},"branches":{"total":1,"covered":0,"skipped":0,"pct":0}}
,"/home/hemicharly/Documentos/Desenvolvimento/estudos/timesheet-in-transit/app/src/core/usecases/orders/impl/order-start.usecase.impl.ts": {"lines":{"total":27,"covered":6,"skipped":0,"pct":22.22},"functions":{"total":1,"covered":0,"skipped":0,"pct":0},"statements":{"total":27,"covered":6,"skipped":0,"pct":22.22},"branches":{"total":1,"covered":0,"skipped":0,"pct":0}}
,"/home/hemicharly/Documentos/Desenvolvimento/estudos/timesheet-in-transit/app/src/entrypoints/entrypoints.module.ts": {"lines":{"total":9,"covered":0,"skipped":0,"pct":0},"functions":{"total":1,"covered":0,"skipped":0,"pct":0},"statements":{"total":9,"covered":0,"skipped":0,"pct":0},"branches":{"total":1,"covered":0,"skipped":0,"pct":0}}
,"/home/hemicharly/Documentos/Desenvolvimento/estudos/timesheet-in-transit/app/src/entrypoints/index.ts": {"lines":{"total":1,"covered":0,"skipped":0,"pct":0},"functions":{"total":1,"covered":0,"skipped":0,"pct":0},"statements":{"total":1,"covered":0,"skipped":0,"pct":0},"branches":{"total":1,"covered":0,"skipped":0,"pct":0}}
,"/home/hemicharly/Documentos/Desenvolvimento/estudos/timesheet-in-transit/app/src/entrypoints/consumers/consumer.module.ts": {"lines":{"total":9,"covered":0,"skipped":0,"pct":0},"functions":{"total":1,"covered":0,"skipped":0,"pct":0},"statements":{"total":9,"covered":0,"skipped":0,"pct":0},"branches":{"total":1,"covered":0,"skipped":0,"pct":0}}
,"/home/hemicharly/Documentos/Desenvolvimento/estudos/timesheet-in-transit/app/src/entrypoints/consumers/index.ts": {"lines":{"total":1,"covered":0,"skipped":0,"pct":0},"functions":{"total":1,"covered":0,"skipped":0,"pct":0},"statements":{"total":1,"covered":0,"skipped":0,"pct":0},"branches":{"total":1,"covered":0,"skipped":0,"pct":0}}
,"/home/hemicharly/Documentos/Desenvolvimento/estudos/timesheet-in-transit/app/src/entrypoints/consumers/notification/index.ts": {"lines":{"total":1,"covered":0,"skipped":0,"pct":0},"functions":{"total":1,"covered":0,"skipped":0,"pct":0},"statements":{"total":1,"covered":0,"skipped":0,"pct":0},"branches":{"total":1,"covered":0,"skipped":0,"pct":0}}
,"/home/hemicharly/Documentos/Desenvolvimento/estudos/timesheet-in-transit/app/src/entrypoints/consumers/notification/notification.order.consumer.service.ts": {"lines":{"total":16,"covered":0,"skipped":0,"pct":0},"functions":{"total":1,"covered":0,"skipped":0,"pct":0},"statements":{"total":16,"covered":0,"skipped":0,"pct":0},"branches":{"total":1,"covered":0,"skipped":0,"pct":0}}
,"/home/hemicharly/Documentos/Desenvolvimento/estudos/timesheet-in-transit/app/src/entrypoints/web/index.ts": {"lines":{"total":1,"covered":0,"skipped":0,"pct":0},"functions":{"total":1,"covered":0,"skipped":0,"pct":0},"statements":{"total":1,"covered":0,"skipped":0,"pct":0},"branches":{"total":1,"covered":0,"skipped":0,"pct":0}}
,"/home/hemicharly/Documentos/Desenvolvimento/estudos/timesheet-in-transit/app/src/entrypoints/web/web.module.ts": {"lines":{"total":14,"covered":0,"skipped":0,"pct":0},"functions":{"total":1,"covered":0,"skipped":0,"pct":0},"statements":{"total":14,"covered":0,"skipped":0,"pct":0},"branches":{"total":1,"covered":0,"skipped":0,"pct":0}}
,"/home/hemicharly/Documentos/Desenvolvimento/estudos/timesheet-in-transit/app/src/entrypoints/web/config/swagger/index.ts": {"lines":{"total":2,"covered":0,"skipped":0,"pct":0},"functions":{"total":1,"covered":0,"skipped":0,"pct":0},"statements":{"total":2,"covered":0,"skipped":0,"pct":0},"branches":{"total":1,"covered":0,"skipped":0,"pct":0}}
,"/home/hemicharly/Documentos/Desenvolvimento/estudos/timesheet-in-transit/app/src/entrypoints/web/config/swagger/setup-redoc.doc.ts": {"lines":{"total":32,"covered":0,"skipped":0,"pct":0},"functions":{"total":1,"covered":0,"skipped":0,"pct":0},"statements":{"total":32,"covered":0,"skipped":0,"pct":0},"branches":{"total":1,"covered":0,"skipped":0,"pct":0}}
,"/home/hemicharly/Documentos/Desenvolvimento/estudos/timesheet-in-transit/app/src/entrypoints/web/config/swagger/swagger.doc.ts": {"lines":{"total":22,"covered":0,"skipped":0,"pct":0},"functions":{"total":1,"covered":0,"skipped":0,"pct":0},"statements":{"total":22,"covered":0,"skipped":0,"pct":0},"branches":{"total":1,"covered":0,"skipped":0,"pct":0}}
,"/home/hemicharly/Documentos/Desenvolvimento/estudos/timesheet-in-transit/app/src/entrypoints/web/config/swagger/decorators/api-doc-generic-delete.decorator.ts": {"lines":{"total":31,"covered":13,"skipped":0,"pct":41.93},"functions":{"total":1,"covered":0,"skipped":0,"pct":0},"statements":{"total":31,"covered":13,"skipped":0,"pct":41.93},"branches":{"total":0,"covered":0,"skipped":0,"pct":100}}
,"/home/hemicharly/Documentos/Desenvolvimento/estudos/timesheet-in-transit/app/src/entrypoints/web/config/swagger/decorators/api-doc-generic-get-all.decorator.ts": {"lines":{"total":19,"covered":19,"skipped":0,"pct":100},"functions":{"total":1,"covered":1,"skipped":0,"pct":100},"statements":{"total":19,"covered":19,"skipped":0,"pct":100},"branches":{"total":1,"covered":1,"skipped":0,"pct":100}}
,"/home/hemicharly/Documentos/Desenvolvimento/estudos/timesheet-in-transit/app/src/entrypoints/web/config/swagger/decorators/api-doc-generic-get-one.decorator.ts": {"lines":{"total":18,"covered":18,"skipped":0,"pct":100},"functions":{"total":1,"covered":1,"skipped":0,"pct":100},"statements":{"total":18,"covered":18,"skipped":0,"pct":100},"branches":{"total":1,"covered":1,"skipped":0,"pct":100}}
,"/home/hemicharly/Documentos/Desenvolvimento/estudos/timesheet-in-transit/app/src/entrypoints/web/config/swagger/decorators/api-doc-generic-get-pagination.decorator.ts": {"lines":{"total":19,"covered":19,"skipped":0,"pct":100},"functions":{"total":1,"covered":1,"skipped":0,"pct":100},"statements":{"total":19,"covered":19,"skipped":0,"pct":100},"branches":{"total":1,"covered":1,"skipped":0,"pct":100}}
,"/home/hemicharly/Documentos/Desenvolvimento/estudos/timesheet-in-transit/app/src/entrypoints/web/config/swagger/decorators/api-doc-generic-get.decorator.ts": {"lines":{"total":18,"covered":4,"skipped":0,"pct":22.22},"functions":{"total":1,"covered":0,"skipped":0,"pct":0},"statements":{"total":18,"covered":4,"skipped":0,"pct":22.22},"branches":{"total":0,"covered":0,"skipped":0,"pct":100}}
,"/home/hemicharly/Documentos/Desenvolvimento/estudos/timesheet-in-transit/app/src/entrypoints/web/config/swagger/decorators/api-doc-generic-patch.decorator.ts": {"lines":{"total":33,"covered":30,"skipped":0,"pct":90.9},"functions":{"total":1,"covered":1,"skipped":0,"pct":100},"statements":{"total":33,"covered":30,"skipped":0,"pct":90.9},"branches":{"total":3,"covered":1,"skipped":0,"pct":33.33}}
,"/home/hemicharly/Documentos/Desenvolvimento/estudos/timesheet-in-transit/app/src/entrypoints/web/config/swagger/decorators/api-doc-generic-post.decorator.ts": {"lines":{"total":33,"covered":32,"skipped":0,"pct":96.96},"functions":{"total":1,"covered":1,"skipped":0,"pct":100},"statements":{"total":33,"covered":32,"skipped":0,"pct":96.96},"branches":{"total":2,"covered":1,"skipped":0,"pct":50}}
,"/home/hemicharly/Documentos/Desenvolvimento/estudos/timesheet-in-transit/app/src/entrypoints/web/config/swagger/decorators/api-doc-generic-put.decorator.ts": {"lines":{"total":33,"covered":14,"skipped":0,"pct":42.42},"functions":{"total":1,"covered":0,"skipped":0,"pct":0},"statements":{"total":33,"covered":14,"skipped":0,"pct":42.42},"branches":{"total":0,"covered":0,"skipped":0,"pct":100}}
,"/home/hemicharly/Documentos/Desenvolvimento/estudos/timesheet-in-transit/app/src/entrypoints/web/config/swagger/decorators/index.ts": {"lines":{"total":8,"covered":8,"skipped":0,"pct":100},"functions":{"total":0,"covered":0,"skipped":0,"pct":100},"statements":{"total":8,"covered":8,"skipped":0,"pct":100},"branches":{"total":0,"covered":0,"skipped":0,"pct":100}}
,"/home/hemicharly/Documentos/Desenvolvimento/estudos/timesheet-in-transit/app/src/entrypoints/web/rest/health/health.controller.ts": {"lines":{"total":31,"covered":0,"skipped":0,"pct":0},"functions":{"total":1,"covered":0,"skipped":0,"pct":0},"statements":{"total":31,"covered":0,"skipped":0,"pct":0},"branches":{"total":1,"covered":0,"skipped":0,"pct":0}}
,"/home/hemicharly/Documentos/Desenvolvimento/estudos/timesheet-in-transit/app/src/entrypoints/web/rest/health/health.web.module.ts": {"lines":{"total":9,"covered":0,"skipped":0,"pct":0},"functions":{"total":1,"covered":0,"skipped":0,"pct":0},"statements":{"total":9,"covered":0,"skipped":0,"pct":0},"branches":{"total":1,"covered":0,"skipped":0,"pct":0}}
,"/home/hemicharly/Documentos/Desenvolvimento/estudos/timesheet-in-transit/app/src/entrypoints/web/rest/health/index.ts": {"lines":{"total":2,"covered":0,"skipped":0,"pct":0},"functions":{"total":1,"covered":0,"skipped":0,"pct":0},"statements":{"total":2,"covered":0,"skipped":0,"pct":0},"branches":{"total":1,"covered":0,"skipped":0,"pct":0}}
,"/home/hemicharly/Documentos/Desenvolvimento/estudos/timesheet-in-transit/app/src/entrypoints/web/rest/health/mappers/health.check.result.mapper.ts": {"lines":{"total":13,"covered":0,"skipped":0,"pct":0},"functions":{"total":1,"covered":0,"skipped":0,"pct":0},"statements":{"total":13,"covered":0,"skipped":0,"pct":0},"branches":{"total":1,"covered":0,"skipped":0,"pct":0}}
,"/home/hemicharly/Documentos/Desenvolvimento/estudos/timesheet-in-transit/app/src/entrypoints/web/rest/health/mappers/index.ts": {"lines":{"total":1,"covered":0,"skipped":0,"pct":0},"functions":{"total":1,"covered":0,"skipped":0,"pct":0},"statements":{"total":1,"covered":0,"skipped":0,"pct":0},"branches":{"total":1,"covered":0,"skipped":0,"pct":0}}
,"/home/hemicharly/Documentos/Desenvolvimento/estudos/timesheet-in-transit/app/src/entrypoints/web/rest/health/response/health.check.result.response.ts": {"lines":{"total":38,"covered":0,"skipped":0,"pct":0},"functions":{"total":1,"covered":0,"skipped":0,"pct":0},"statements":{"total":38,"covered":0,"skipped":0,"pct":0},"branches":{"total":1,"covered":0,"skipped":0,"pct":0}}
,"/home/hemicharly/Documentos/Desenvolvimento/estudos/timesheet-in-transit/app/src/entrypoints/web/rest/health/response/index.ts": {"lines":{"total":1,"covered":0,"skipped":0,"pct":0},"functions":{"total":1,"covered":0,"skipped":0,"pct":0},"statements":{"total":1,"covered":0,"skipped":0,"pct":0},"branches":{"total":1,"covered":0,"skipped":0,"pct":0}}
,"/home/hemicharly/Documentos/Desenvolvimento/estudos/timesheet-in-transit/app/src/entrypoints/web/rest/orders/index.ts": {"lines":{"total":2,"covered":2,"skipped":0,"pct":100},"functions":{"total":0,"covered":0,"skipped":0,"pct":100},"statements":{"total":2,"covered":2,"skipped":0,"pct":100},"branches":{"total":0,"covered":0,"skipped":0,"pct":100}}
,"/home/hemicharly/Documentos/Desenvolvimento/estudos/timesheet-in-transit/app/src/entrypoints/web/rest/orders/orders.controller.ts": {"lines":{"total":93,"covered":93,"skipped":0,"pct":100},"functions":{"total":7,"covered":7,"skipped":0,"pct":100},"statements":{"total":93,"covered":93,"skipped":0,"pct":100},"branches":{"total":42,"covered":7,"skipped":0,"pct":16.66}}
,"/home/hemicharly/Documentos/Desenvolvimento/estudos/timesheet-in-transit/app/src/entrypoints/web/rest/orders/orders.web.module.ts": {"lines":{"total":10,"covered":10,"skipped":0,"pct":100},"functions":{"total":0,"covered":0,"skipped":0,"pct":100},"statements":{"total":10,"covered":10,"skipped":0,"pct":100},"branches":{"total":0,"covered":0,"skipped":0,"pct":100}}
,"/home/hemicharly/Documentos/Desenvolvimento/estudos/timesheet-in-transit/app/src/entrypoints/web/rest/orders/mappers/index.ts": {"lines":{"total":6,"covered":6,"skipped":0,"pct":100},"functions":{"total":0,"covered":0,"skipped":0,"pct":100},"statements":{"total":6,"covered":6,"skipped":0,"pct":100},"branches":{"total":0,"covered":0,"skipped":0,"pct":100}}
,"/home/hemicharly/Documentos/Desenvolvimento/estudos/timesheet-in-transit/app/src/entrypoints/web/rest/orders/mappers/order-creation-app.mapper.ts": {"lines":{"total":25,"covered":25,"skipped":0,"pct":100},"functions":{"total":2,"covered":2,"skipped":0,"pct":100},"statements":{"total":25,"covered":25,"skipped":0,"pct":100},"branches":{"total":2,"covered":2,"skipped":0,"pct":100}}
,"/home/hemicharly/Documentos/Desenvolvimento/estudos/timesheet-in-transit/app/src/entrypoints/web/rest/orders/mappers/order-end-app.mapper.ts": {"lines":{"total":14,"covered":14,"skipped":0,"pct":100},"functions":{"total":1,"covered":1,"skipped":0,"pct":100},"statements":{"total":14,"covered":14,"skipped":0,"pct":100},"branches":{"total":2,"covered":1,"skipped":0,"pct":50}}
,"/home/hemicharly/Documentos/Desenvolvimento/estudos/timesheet-in-transit/app/src/entrypoints/web/rest/orders/mappers/order-find-by-id-app.mapper.ts": {"lines":{"total":26,"covered":26,"skipped":0,"pct":100},"functions":{"total":2,"covered":2,"skipped":0,"pct":100},"statements":{"total":26,"covered":26,"skipped":0,"pct":100},"branches":{"total":2,"covered":2,"skipped":0,"pct":100}}
,"/home/hemicharly/Documentos/Desenvolvimento/estudos/timesheet-in-transit/app/src/entrypoints/web/rest/orders/mappers/order-query-app.mapper.ts": {"lines":{"total":39,"covered":25,"skipped":0,"pct":64.1},"functions":{"total":2,"covered":2,"skipped":0,"pct":100},"statements":{"total":39,"covered":25,"skipped":0,"pct":64.1},"branches":{"total":2,"covered":2,"skipped":0,"pct":100}}
,"/home/hemicharly/Documentos/Desenvolvimento/estudos/timesheet-in-transit/app/src/entrypoints/web/rest/orders/mappers/order-query-quantity-status-app.mapper.ts": {"lines":{"total":20,"covered":18,"skipped":0,"pct":90},"functions":{"total":2,"covered":2,"skipped":0,"pct":100},"statements":{"total":20,"covered":18,"skipped":0,"pct":90},"branches":{"total":4,"covered":3,"skipped":0,"pct":75}}
,"/home/hemicharly/Documentos/Desenvolvimento/estudos/timesheet-in-transit/app/src/entrypoints/web/rest/orders/mappers/order-start-app.mapper.ts": {"lines":{"total":13,"covered":13,"skipped":0,"pct":100},"functions":{"total":1,"covered":1,"skipped":0,"pct":100},"statements":{"total":13,"covered":13,"skipped":0,"pct":100},"branches":{"total":1,"covered":1,"skipped":0,"pct":100}}
,"/home/hemicharly/Documentos/Desenvolvimento/estudos/timesheet-in-transit/app/src/entrypoints/web/rest/orders/request/index.ts": {"lines":{"total":5,"covered":5,"skipped":0,"pct":100},"functions":{"total":0,"covered":0,"skipped":0,"pct":100},"statements":{"total":5,"covered":5,"skipped":0,"pct":100},"branches":{"total":0,"covered":0,"skipped":0,"pct":100}}
,"/home/hemicharly/Documentos/Desenvolvimento/estudos/timesheet-in-transit/app/src/entrypoints/web/rest/orders/request/order-creation.request.ts": {"lines":{"total":43,"covered":3,"skipped":0,"pct":6.97},"functions":{"total":1,"covered":0,"skipped":0,"pct":0},"statements":{"total":43,"covered":3,"skipped":0,"pct":6.97},"branches":{"total":1,"covered":0,"skipped":0,"pct":0}}
,"/home/hemicharly/Documentos/Desenvolvimento/estudos/timesheet-in-transit/app/src/entrypoints/web/rest/orders/request/order-end.request.ts": {"lines":{"total":33,"covered":3,"skipped":0,"pct":9.09},"functions":{"total":1,"covered":0,"skipped":0,"pct":0},"statements":{"total":33,"covered":3,"skipped":0,"pct":9.09},"branches":{"total":1,"covered":0,"skipped":0,"pct":0}}
,"/home/hemicharly/Documentos/Desenvolvimento/estudos/timesheet-in-transit/app/src/entrypoints/web/rest/orders/request/order-query-quantity-status.request.ts": {"lines":{"total":47,"covered":5,"skipped":0,"pct":10.63},"functions":{"total":1,"covered":0,"skipped":0,"pct":0},"statements":{"total":47,"covered":5,"skipped":0,"pct":10.63},"branches":{"total":3,"covered":0,"skipped":0,"pct":0}}
,"/home/hemicharly/Documentos/Desenvolvimento/estudos/timesheet-in-transit/app/src/entrypoints/web/rest/orders/request/order-query.request.ts": {"lines":{"total":57,"covered":6,"skipped":0,"pct":10.52},"functions":{"total":1,"covered":0,"skipped":0,"pct":0},"statements":{"total":57,"covered":6,"skipped":0,"pct":10.52},"branches":{"total":2,"covered":0,"skipped":0,"pct":0}}
,"/home/hemicharly/Documentos/Desenvolvimento/estudos/timesheet-in-transit/app/src/entrypoints/web/rest/orders/request/order-start.request.ts": {"lines":{"total":28,"covered":3,"skipped":0,"pct":10.71},"functions":{"total":1,"covered":0,"skipped":0,"pct":0},"statements":{"total":28,"covered":3,"skipped":0,"pct":10.71},"branches":{"total":1,"covered":0,"skipped":0,"pct":0}}
,"/home/hemicharly/Documentos/Desenvolvimento/estudos/timesheet-in-transit/app/src/entrypoints/web/rest/orders/response/index.ts": {"lines":{"total":5,"covered":5,"skipped":0,"pct":100},"functions":{"total":0,"covered":0,"skipped":0,"pct":100},"statements":{"total":5,"covered":5,"skipped":0,"pct":100},"branches":{"total":0,"covered":0,"skipped":0,"pct":100}}
,"/home/hemicharly/Documentos/Desenvolvimento/estudos/timesheet-in-transit/app/src/entrypoints/web/rest/orders/response/order-create.response.ts": {"lines":{"total":24,"covered":2,"skipped":0,"pct":8.33},"functions":{"total":1,"covered":0,"skipped":0,"pct":0},"statements":{"total":24,"covered":2,"skipped":0,"pct":8.33},"branches":{"total":1,"covered":0,"skipped":0,"pct":0}}
,"/home/hemicharly/Documentos/Desenvolvimento/estudos/timesheet-in-transit/app/src/entrypoints/web/rest/orders/response/order-items.response.ts": {"lines":{"total":78,"covered":78,"skipped":0,"pct":100},"functions":{"total":1,"covered":1,"skipped":0,"pct":100},"statements":{"total":78,"covered":78,"skipped":0,"pct":100},"branches":{"total":3,"covered":1,"skipped":0,"pct":33.33}}
,"/home/hemicharly/Documentos/Desenvolvimento/estudos/timesheet-in-transit/app/src/entrypoints/web/rest/orders/response/order-pagination.response.ts": {"lines":{"total":22,"covered":5,"skipped":0,"pct":22.72},"functions":{"total":1,"covered":0,"skipped":0,"pct":0},"statements":{"total":22,"covered":5,"skipped":0,"pct":22.72},"branches":{"total":3,"covered":0,"skipped":0,"pct":0}}
,"/home/hemicharly/Documentos/Desenvolvimento/estudos/timesheet-in-transit/app/src/entrypoints/web/rest/orders/response/order-quantity-status.response.ts": {"lines":{"total":35,"covered":35,"skipped":0,"pct":100},"functions":{"total":2,"covered":2,"skipped":0,"pct":100},"statements":{"total":35,"covered":35,"skipped":0,"pct":100},"branches":{"total":8,"covered":2,"skipped":0,"pct":25}}
,"/home/hemicharly/Documentos/Desenvolvimento/estudos/timesheet-in-transit/app/src/entrypoints/web/rest/orders/response/order-total-hours.response.ts": {"lines":{"total":18,"covered":18,"skipped":0,"pct":100},"functions":{"total":2,"covered":2,"skipped":0,"pct":100},"statements":{"total":18,"covered":18,"skipped":0,"pct":100},"branches":{"total":2,"covered":2,"skipped":0,"pct":100}}
,"/home/hemicharly/Documentos/Desenvolvimento/estudos/timesheet-in-transit/app/src/entrypoints/web/shared/middleware/apikey/api-key.guard.ts": {"lines":{"total":19,"covered":7,"skipped":0,"pct":36.84},"functions":{"total":1,"covered":0,"skipped":0,"pct":0},"statements":{"total":19,"covered":7,"skipped":0,"pct":36.84},"branches":{"total":3,"covered":0,"skipped":0,"pct":0}}
,"/home/hemicharly/Documentos/Desenvolvimento/estudos/timesheet-in-transit/app/src/entrypoints/web/shared/middleware/apikey/index.ts": {"lines":{"total":1,"covered":1,"skipped":0,"pct":100},"functions":{"total":0,"covered":0,"skipped":0,"pct":100},"statements":{"total":1,"covered":1,"skipped":0,"pct":100},"branches":{"total":0,"covered":0,"skipped":0,"pct":100}}
,"/home/hemicharly/Documentos/Desenvolvimento/estudos/timesheet-in-transit/app/src/entrypoints/web/shared/middleware/exceptions/custom-validation.exception.ts": {"lines":{"total":16,"covered":0,"skipped":0,"pct":0},"functions":{"total":1,"covered":0,"skipped":0,"pct":0},"statements":{"total":16,"covered":0,"skipped":0,"pct":0},"branches":{"total":1,"covered":0,"skipped":0,"pct":0}}
,"/home/hemicharly/Documentos/Desenvolvimento/estudos/timesheet-in-transit/app/src/entrypoints/web/shared/middleware/exceptions/custom-validation.pipe.ts": {"lines":{"total":14,"covered":0,"skipped":0,"pct":0},"functions":{"total":1,"covered":0,"skipped":0,"pct":0},"statements":{"total":14,"covered":0,"skipped":0,"pct":0},"branches":{"total":1,"covered":0,"skipped":0,"pct":0}}
,"/home/hemicharly/Documentos/Desenvolvimento/estudos/timesheet-in-transit/app/src/entrypoints/web/shared/middleware/exceptions/index.ts": {"lines":{"total":2,"covered":0,"skipped":0,"pct":0},"functions":{"total":1,"covered":0,"skipped":0,"pct":0},"statements":{"total":2,"covered":0,"skipped":0,"pct":0},"branches":{"total":1,"covered":0,"skipped":0,"pct":0}}
,"/home/hemicharly/Documentos/Desenvolvimento/estudos/timesheet-in-transit/app/src/entrypoints/web/shared/middleware/exceptions/filters/http-exception.filter.ts": {"lines":{"total":29,"covered":0,"skipped":0,"pct":0},"functions":{"total":1,"covered":0,"skipped":0,"pct":0},"statements":{"total":29,"covered":0,"skipped":0,"pct":0},"branches":{"total":1,"covered":0,"skipped":0,"pct":0}}
,"/home/hemicharly/Documentos/Desenvolvimento/estudos/timesheet-in-transit/app/src/entrypoints/web/shared/middleware/exceptions/filters/index.ts": {"lines":{"total":1,"covered":0,"skipped":0,"pct":0},"functions":{"total":1,"covered":0,"skipped":0,"pct":0},"statements":{"total":1,"covered":0,"skipped":0,"pct":0},"branches":{"total":1,"covered":0,"skipped":0,"pct":0}}
,"/home/hemicharly/Documentos/Desenvolvimento/estudos/timesheet-in-transit/app/src/entrypoints/web/shared/middleware/logger/index.ts": {"lines":{"total":2,"covered":0,"skipped":0,"pct":0},"functions":{"total":1,"covered":0,"skipped":0,"pct":0},"statements":{"total":2,"covered":0,"skipped":0,"pct":0},"branches":{"total":1,"covered":0,"skipped":0,"pct":0}}
,"/home/hemicharly/Documentos/Desenvolvimento/estudos/timesheet-in-transit/app/src/entrypoints/web/shared/middleware/logger/logging.middleware.ts": {"lines":{"total":89,"covered":0,"skipped":0,"pct":0},"functions":{"total":1,"covered":0,"skipped":0,"pct":0},"statements":{"total":89,"covered":0,"skipped":0,"pct":0},"branches":{"total":1,"covered":0,"skipped":0,"pct":0}}
,"/home/hemicharly/Documentos/Desenvolvimento/estudos/timesheet-in-transit/app/src/entrypoints/web/shared/middleware/logger/web.logger.dto.ts": {"lines":{"total":68,"covered":0,"skipped":0,"pct":0},"functions":{"total":1,"covered":0,"skipped":0,"pct":0},"statements":{"total":68,"covered":0,"skipped":0,"pct":0},"branches":{"total":1,"covered":0,"skipped":0,"pct":0}}
,"/home/hemicharly/Documentos/Desenvolvimento/estudos/timesheet-in-transit/app/src/entrypoints/web/shared/response/error/error-item.response.ts": {"lines":{"total":9,"covered":2,"skipped":0,"pct":22.22},"functions":{"total":1,"covered":0,"skipped":0,"pct":0},"statements":{"total":9,"covered":2,"skipped":0,"pct":22.22},"branches":{"total":1,"covered":0,"skipped":0,"pct":0}}
,"/home/hemicharly/Documentos/Desenvolvimento/estudos/timesheet-in-transit/app/src/entrypoints/web/shared/response/error/error.response.ts": {"lines":{"total":7,"covered":3,"skipped":0,"pct":42.85},"functions":{"total":1,"covered":0,"skipped":0,"pct":0},"statements":{"total":7,"covered":3,"skipped":0,"pct":42.85},"branches":{"total":1,"covered":0,"skipped":0,"pct":0}}
,"/home/hemicharly/Documentos/Desenvolvimento/estudos/timesheet-in-transit/app/src/entrypoints/web/shared/response/error/index.ts": {"lines":{"total":2,"covered":2,"skipped":0,"pct":100},"functions":{"total":0,"covered":0,"skipped":0,"pct":100},"statements":{"total":2,"covered":2,"skipped":0,"pct":100},"branches":{"total":0,"covered":0,"skipped":0,"pct":100}}
,"/home/hemicharly/Documentos/Desenvolvimento/estudos/timesheet-in-transit/app/src/entrypoints/web/shared/response/pagination/index.ts": {"lines":{"total":1,"covered":1,"skipped":0,"pct":100},"functions":{"total":0,"covered":0,"skipped":0,"pct":100},"statements":{"total":1,"covered":1,"skipped":0,"pct":100},"branches":{"total":0,"covered":0,"skipped":0,"pct":100}}
,"/home/hemicharly/Documentos/Desenvolvimento/estudos/timesheet-in-transit/app/src/entrypoints/web/shared/response/pagination/pagination.response.ts": {"lines":{"total":18,"covered":18,"skipped":0,"pct":100},"functions":{"total":2,"covered":2,"skipped":0,"pct":100},"statements":{"total":18,"covered":18,"skipped":0,"pct":100},"branches":{"total":5,"covered":2,"skipped":0,"pct":40}}
,"/home/hemicharly/Documentos/Desenvolvimento/estudos/timesheet-in-transit/app/src/entrypoints/web/shared/types/express.d.ts": {"lines":{"total":7,"covered":0,"skipped":0,"pct":0},"functions":{"total":1,"covered":0,"skipped":0,"pct":0},"statements":{"total":7,"covered":0,"skipped":0,"pct":0},"branches":{"total":1,"covered":0,"skipped":0,"pct":0}}
,"/home/hemicharly/Documentos/Desenvolvimento/estudos/timesheet-in-transit/app/src/entrypoints/web/shared/types/index.ts": {"lines":{"total":1,"covered":0,"skipped":0,"pct":0},"functions":{"total":1,"covered":0,"skipped":0,"pct":0},"statements":{"total":1,"covered":0,"skipped":0,"pct":0},"branches":{"total":1,"covered":0,"skipped":0,"pct":0}}
,"/home/hemicharly/Documentos/Desenvolvimento/estudos/timesheet-in-transit/app/src/infrastructure/index.ts": {"lines":{"total":1,"covered":1,"skipped":0,"pct":100},"functions":{"total":0,"covered":0,"skipped":0,"pct":100},"statements":{"total":1,"covered":1,"skipped":0,"pct":100},"branches":{"total":0,"covered":0,"skipped":0,"pct":100}}
,"/home/hemicharly/Documentos/Desenvolvimento/estudos/timesheet-in-transit/app/src/infrastructure/infrastructure.module.ts": {"lines":{"total":11,"covered":11,"skipped":0,"pct":100},"functions":{"total":0,"covered":0,"skipped":0,"pct":100},"statements":{"total":11,"covered":11,"skipped":0,"pct":100},"branches":{"total":0,"covered":0,"skipped":0,"pct":100}}
,"/home/hemicharly/Documentos/Desenvolvimento/estudos/timesheet-in-transit/app/src/infrastructure/config-env/config.env.module.ts": {"lines":{"total":14,"covered":14,"skipped":0,"pct":100},"functions":{"total":0,"covered":0,"skipped":0,"pct":100},"statements":{"total":14,"covered":14,"skipped":0,"pct":100},"branches":{"total":0,"covered":0,"skipped":0,"pct":100}}
,"/home/hemicharly/Documentos/Desenvolvimento/estudos/timesheet-in-transit/app/src/infrastructure/config-env/index.ts": {"lines":{"total":1,"covered":1,"skipped":0,"pct":100},"functions":{"total":0,"covered":0,"skipped":0,"pct":100},"statements":{"total":1,"covered":1,"skipped":0,"pct":100},"branches":{"total":0,"covered":0,"skipped":0,"pct":100}}
,"/home/hemicharly/Documentos/Desenvolvimento/estudos/timesheet-in-transit/app/src/infrastructure/config-env/impl/config.env.provider.impl.ts": {"lines":{"total":24,"covered":6,"skipped":0,"pct":25},"functions":{"total":1,"covered":0,"skipped":0,"pct":0},"statements":{"total":24,"covered":6,"skipped":0,"pct":25},"branches":{"total":2,"covered":0,"skipped":0,"pct":0}}
,"/home/hemicharly/Documentos/Desenvolvimento/estudos/timesheet-in-transit/app/src/infrastructure/config-env/impl/index.ts": {"lines":{"total":1,"covered":1,"skipped":0,"pct":100},"functions":{"total":0,"covered":0,"skipped":0,"pct":100},"statements":{"total":1,"covered":1,"skipped":0,"pct":100},"branches":{"total":0,"covered":0,"skipped":0,"pct":100}}
,"/home/hemicharly/Documentos/Desenvolvimento/estudos/timesheet-in-transit/app/src/infrastructure/integrations/index.ts": {"lines":{"total":1,"covered":1,"skipped":0,"pct":100},"functions":{"total":0,"covered":0,"skipped":0,"pct":100},"statements":{"total":1,"covered":1,"skipped":0,"pct":100},"branches":{"total":0,"covered":0,"skipped":0,"pct":100}}
,"/home/hemicharly/Documentos/Desenvolvimento/estudos/timesheet-in-transit/app/src/infrastructure/integrations/integrations.module.ts": {"lines":{"total":8,"covered":8,"skipped":0,"pct":100},"functions":{"total":0,"covered":0,"skipped":0,"pct":100},"statements":{"total":8,"covered":8,"skipped":0,"pct":100},"branches":{"total":0,"covered":0,"skipped":0,"pct":100}}
,"/home/hemicharly/Documentos/Desenvolvimento/estudos/timesheet-in-transit/app/src/infrastructure/integrations/webhook-client/index.ts": {"lines":{"total":1,"covered":1,"skipped":0,"pct":100},"functions":{"total":0,"covered":0,"skipped":0,"pct":100},"statements":{"total":1,"covered":1,"skipped":0,"pct":100},"branches":{"total":0,"covered":0,"skipped":0,"pct":100}}
,"/home/hemicharly/Documentos/Desenvolvimento/estudos/timesheet-in-transit/app/src/infrastructure/integrations/webhook-client/webhook.integration.client.module.ts": {"lines":{"total":10,"covered":10,"skipped":0,"pct":100},"functions":{"total":0,"covered":0,"skipped":0,"pct":100},"statements":{"total":10,"covered":10,"skipped":0,"pct":100},"branches":{"total":0,"covered":0,"skipped":0,"pct":100}}
,"/home/hemicharly/Documentos/Desenvolvimento/estudos/timesheet-in-transit/app/src/infrastructure/integrations/webhook-client/config/index.ts": {"lines":{"total":1,"covered":1,"skipped":0,"pct":100},"functions":{"total":0,"covered":0,"skipped":0,"pct":100},"statements":{"total":1,"covered":1,"skipped":0,"pct":100},"branches":{"total":0,"covered":0,"skipped":0,"pct":100}}
,"/home/hemicharly/Documentos/Desenvolvimento/estudos/timesheet-in-transit/app/src/infrastructure/integrations/webhook-client/config/webhook.config.module.ts": {"lines":{"total":21,"covered":18,"skipped":0,"pct":85.71},"functions":{"total":1,"covered":0,"skipped":0,"pct":0},"statements":{"total":21,"covered":18,"skipped":0,"pct":85.71},"branches":{"total":0,"covered":0,"skipped":0,"pct":100}}
,"/home/hemicharly/Documentos/Desenvolvimento/estudos/timesheet-in-transit/app/src/infrastructure/integrations/webhook-client/impl/index.ts": {"lines":{"total":1,"covered":1,"skipped":0,"pct":100},"functions":{"total":0,"covered":0,"skipped":0,"pct":100},"statements":{"total":1,"covered":1,"skipped":0,"pct":100},"branches":{"total":0,"covered":0,"skipped":0,"pct":100}}
,"/home/hemicharly/Documentos/Desenvolvimento/estudos/timesheet-in-transit/app/src/infrastructure/integrations/webhook-client/impl/webhook.integration.client.provider.impl.ts": {"lines":{"total":18,"covered":8,"skipped":0,"pct":44.44},"functions":{"total":1,"covered":0,"skipped":0,"pct":0},"statements":{"total":18,"covered":8,"skipped":0,"pct":44.44},"branches":{"total":2,"covered":0,"skipped":0,"pct":0}}
,"/home/hemicharly/Documentos/Desenvolvimento/estudos/timesheet-in-transit/app/src/infrastructure/queue/index.ts": {"lines":{"total":1,"covered":1,"skipped":0,"pct":100},"functions":{"total":0,"covered":0,"skipped":0,"pct":100},"statements":{"total":1,"covered":1,"skipped":0,"pct":100},"branches":{"total":0,"covered":0,"skipped":0,"pct":100}}
,"/home/hemicharly/Documentos/Desenvolvimento/estudos/timesheet-in-transit/app/src/infrastructure/queue/queue-infra.module.ts": {"lines":{"total":8,"covered":8,"skipped":0,"pct":100},"functions":{"total":0,"covered":0,"skipped":0,"pct":100},"statements":{"total":8,"covered":8,"skipped":0,"pct":100},"branches":{"total":0,"covered":0,"skipped":0,"pct":100}}
,"/home/hemicharly/Documentos/Desenvolvimento/estudos/timesheet-in-transit/app/src/infrastructure/queue/sqs/index.ts": {"lines":{"total":1,"covered":1,"skipped":0,"pct":100},"functions":{"total":0,"covered":0,"skipped":0,"pct":100},"statements":{"total":1,"covered":1,"skipped":0,"pct":100},"branches":{"total":0,"covered":0,"skipped":0,"pct":100}}
,"/home/hemicharly/Documentos/Desenvolvimento/estudos/timesheet-in-transit/app/src/infrastructure/queue/sqs/sqs.queue-infra.module.ts": {"lines":{"total":11,"covered":11,"skipped":0,"pct":100},"functions":{"total":0,"covered":0,"skipped":0,"pct":100},"statements":{"total":11,"covered":11,"skipped":0,"pct":100},"branches":{"total":0,"covered":0,"skipped":0,"pct":100}}
,"/home/hemicharly/Documentos/Desenvolvimento/estudos/timesheet-in-transit/app/src/infrastructure/queue/sqs/impl/index.ts": {"lines":{"total":2,"covered":2,"skipped":0,"pct":100},"functions":{"total":0,"covered":0,"skipped":0,"pct":100},"statements":{"total":2,"covered":2,"skipped":0,"pct":100},"branches":{"total":0,"covered":0,"skipped":0,"pct":100}}
,"/home/hemicharly/Documentos/Desenvolvimento/estudos/timesheet-in-transit/app/src/infrastructure/queue/sqs/impl/sqs.consumer.queue.provider.impl.ts": {"lines":{"total":251,"covered":12,"skipped":0,"pct":4.78},"functions":{"total":1,"covered":0,"skipped":0,"pct":0},"statements":{"total":251,"covered":12,"skipped":0,"pct":4.78},"branches":{"total":5,"covered":0,"skipped":0,"pct":0}}
,"/home/hemicharly/Documentos/Desenvolvimento/estudos/timesheet-in-transit/app/src/infrastructure/queue/sqs/impl/sqs.producer.queue.provider.impl.ts": {"lines":{"total":67,"covered":10,"skipped":0,"pct":14.92},"functions":{"total":1,"covered":0,"skipped":0,"pct":0},"statements":{"total":67,"covered":10,"skipped":0,"pct":14.92},"branches":{"total":3,"covered":0,"skipped":0,"pct":0}}
,"/home/hemicharly/Documentos/Desenvolvimento/estudos/timesheet-in-transit/app/src/infrastructure/repositories/index.ts": {"lines":{"total":1,"covered":1,"skipped":0,"pct":100},"functions":{"total":0,"covered":0,"skipped":0,"pct":100},"statements":{"total":1,"covered":1,"skipped":0,"pct":100},"branches":{"total":0,"covered":0,"skipped":0,"pct":100}}
,"/home/hemicharly/Documentos/Desenvolvimento/estudos/timesheet-in-transit/app/src/infrastructure/repositories/repository.module.ts": {"lines":{"total":10,"covered":10,"skipped":0,"pct":100},"functions":{"total":0,"covered":0,"skipped":0,"pct":100},"statements":{"total":10,"covered":10,"skipped":0,"pct":100},"branches":{"total":0,"covered":0,"skipped":0,"pct":100}}
,"/home/hemicharly/Documentos/Desenvolvimento/estudos/timesheet-in-transit/app/src/infrastructure/repositories/auth/auth.repository.module.ts": {"lines":{"total":12,"covered":12,"skipped":0,"pct":100},"functions":{"total":0,"covered":0,"skipped":0,"pct":100},"statements":{"total":12,"covered":12,"skipped":0,"pct":100},"branches":{"total":0,"covered":0,"skipped":0,"pct":100}}
,"/home/hemicharly/Documentos/Desenvolvimento/estudos/timesheet-in-transit/app/src/infrastructure/repositories/auth/index.ts": {"lines":{"total":1,"covered":1,"skipped":0,"pct":100},"functions":{"total":0,"covered":0,"skipped":0,"pct":100},"statements":{"total":1,"covered":1,"skipped":0,"pct":100},"branches":{"total":0,"covered":0,"skipped":0,"pct":100}}
,"/home/hemicharly/Documentos/Desenvolvimento/estudos/timesheet-in-transit/app/src/infrastructure/repositories/auth/entity/api-key-application.entity.ts": {"lines":{"total":24,"covered":5,"skipped":0,"pct":20.83},"functions":{"total":1,"covered":0,"skipped":0,"pct":0},"statements":{"total":24,"covered":5,"skipped":0,"pct":20.83},"branches":{"total":2,"covered":0,"skipped":0,"pct":0}}
,"/home/hemicharly/Documentos/Desenvolvimento/estudos/timesheet-in-transit/app/src/infrastructure/repositories/auth/entity/index.ts": {"lines":{"total":1,"covered":1,"skipped":0,"pct":100},"functions":{"total":0,"covered":0,"skipped":0,"pct":100},"statements":{"total":1,"covered":1,"skipped":0,"pct":100},"branches":{"total":0,"covered":0,"skipped":0,"pct":100}}
,"/home/hemicharly/Documentos/Desenvolvimento/estudos/timesheet-in-transit/app/src/infrastructure/repositories/auth/impl/apikeyapplication-repository.provider.impl.ts": {"lines":{"total":26,"covered":10,"skipped":0,"pct":38.46},"functions":{"total":1,"covered":0,"skipped":0,"pct":0},"statements":{"total":26,"covered":10,"skipped":0,"pct":38.46},"branches":{"total":2,"covered":0,"skipped":0,"pct":0}}
,"/home/hemicharly/Documentos/Desenvolvimento/estudos/timesheet-in-transit/app/src/infrastructure/repositories/auth/impl/index.ts": {"lines":{"total":1,"covered":1,"skipped":0,"pct":100},"functions":{"total":0,"covered":0,"skipped":0,"pct":100},"statements":{"total":1,"covered":1,"skipped":0,"pct":100},"branches":{"total":0,"covered":0,"skipped":0,"pct":100}}
,"/home/hemicharly/Documentos/Desenvolvimento/estudos/timesheet-in-transit/app/src/infrastructure/repositories/auth/seeds/api-key-application.seed.ts": {"lines":{"total":58,"covered":10,"skipped":0,"pct":17.24},"functions":{"total":1,"covered":0,"skipped":0,"pct":0},"statements":{"total":58,"covered":10,"skipped":0,"pct":17.24},"branches":{"total":2,"covered":0,"skipped":0,"pct":0}}
,"/home/hemicharly/Documentos/Desenvolvimento/estudos/timesheet-in-transit/app/src/infrastructure/repositories/auth/seeds/index.ts": {"lines":{"total":1,"covered":1,"skipped":0,"pct":100},"functions":{"total":0,"covered":0,"skipped":0,"pct":100},"statements":{"total":1,"covered":1,"skipped":0,"pct":100},"branches":{"total":0,"covered":0,"skipped":0,"pct":100}}
,"/home/hemicharly/Documentos/Desenvolvimento/estudos/timesheet-in-transit/app/src/infrastructure/repositories/auth/transformers/apikeyapplication-infra.transformer.ts": {"lines":{"total":33,"covered":8,"skipped":0,"pct":24.24},"functions":{"total":2,"covered":0,"skipped":0,"pct":0},"statements":{"total":33,"covered":8,"skipped":0,"pct":24.24},"branches":{"total":0,"covered":0,"skipped":0,"pct":100}}
,"/home/hemicharly/Documentos/Desenvolvimento/estudos/timesheet-in-transit/app/src/infrastructure/repositories/auth/transformers/index.ts": {"lines":{"total":1,"covered":1,"skipped":0,"pct":100},"functions":{"total":0,"covered":0,"skipped":0,"pct":100},"statements":{"total":1,"covered":1,"skipped":0,"pct":100},"branches":{"total":0,"covered":0,"skipped":0,"pct":100}}
,"/home/hemicharly/Documentos/Desenvolvimento/estudos/timesheet-in-transit/app/src/infrastructure/repositories/orders/index.ts": {"lines":{"total":1,"covered":1,"skipped":0,"pct":100},"functions":{"total":0,"covered":0,"skipped":0,"pct":100},"statements":{"total":1,"covered":1,"skipped":0,"pct":100},"branches":{"total":0,"covered":0,"skipped":0,"pct":100}}
,"/home/hemicharly/Documentos/Desenvolvimento/estudos/timesheet-in-transit/app/src/infrastructure/repositories/orders/orders.repository.module.ts": {"lines":{"total":11,"covered":11,"skipped":0,"pct":100},"functions":{"total":0,"covered":0,"skipped":0,"pct":100},"statements":{"total":11,"covered":11,"skipped":0,"pct":100},"branches":{"total":0,"covered":0,"skipped":0,"pct":100}}
,"/home/hemicharly/Documentos/Desenvolvimento/estudos/timesheet-in-transit/app/src/infrastructure/repositories/orders/entity/index.ts": {"lines":{"total":1,"covered":1,"skipped":0,"pct":100},"functions":{"total":0,"covered":0,"skipped":0,"pct":100},"statements":{"total":1,"covered":1,"skipped":0,"pct":100},"branches":{"total":0,"covered":0,"skipped":0,"pct":100}}
,"/home/hemicharly/Documentos/Desenvolvimento/estudos/timesheet-in-transit/app/src/infrastructure/repositories/orders/entity/order.entity.ts": {"lines":{"total":51,"covered":6,"skipped":0,"pct":11.76},"functions":{"total":1,"covered":0,"skipped":0,"pct":0},"statements":{"total":51,"covered":6,"skipped":0,"pct":11.76},"branches":{"total":2,"covered":0,"skipped":0,"pct":0}}
,"/home/hemicharly/Documentos/Desenvolvimento/estudos/timesheet-in-transit/app/src/infrastructure/repositories/orders/impl/index.ts": {"lines":{"total":1,"covered":1,"skipped":0,"pct":100},"functions":{"total":0,"covered":0,"skipped":0,"pct":100},"statements":{"total":1,"covered":1,"skipped":0,"pct":100},"branches":{"total":0,"covered":0,"skipped":0,"pct":100}}
,"/home/hemicharly/Documentos/Desenvolvimento/estudos/timesheet-in-transit/app/src/infrastructure/repositories/orders/impl/order-repository.provider.impl.ts": {"lines":{"total":76,"covered":21,"skipped":0,"pct":27.63},"functions":{"total":1,"covered":0,"skipped":0,"pct":0},"statements":{"total":76,"covered":21,"skipped":0,"pct":27.63},"branches":{"total":2,"covered":0,"skipped":0,"pct":0}}
,"/home/hemicharly/Documentos/Desenvolvimento/estudos/timesheet-in-transit/app/src/infrastructure/repositories/orders/mappers/index.ts": {"lines":{"total":1,"covered":1,"skipped":0,"pct":100},"functions":{"total":0,"covered":0,"skipped":0,"pct":100},"statements":{"total":1,"covered":1,"skipped":0,"pct":100},"branches":{"total":0,"covered":0,"skipped":0,"pct":100}}
,"/home/hemicharly/Documentos/Desenvolvimento/estudos/timesheet-in-transit/app/src/infrastructure/repositories/orders/mappers/order-infra.mapper.ts": {"lines":{"total":230,"covered":38,"skipped":0,"pct":16.52},"functions":{"total":10,"covered":0,"skipped":0,"pct":0},"statements":{"total":230,"covered":38,"skipped":0,"pct":16.52},"branches":{"total":0,"covered":0,"skipped":0,"pct":100}}
,"/home/hemicharly/Documentos/Desenvolvimento/estudos/timesheet-in-transit/app/src/infrastructure/repositories/orders/types/index.ts": {"lines":{"total":1,"covered":0,"skipped":0,"pct":0},"functions":{"total":1,"covered":0,"skipped":0,"pct":0},"statements":{"total":1,"covered":0,"skipped":0,"pct":0},"branches":{"total":1,"covered":0,"skipped":0,"pct":0}}
,"/home/hemicharly/Documentos/Desenvolvimento/estudos/timesheet-in-transit/app/src/infrastructure/repositories/orders/types/order-aggregation.result.ts": {"lines":{"total":8,"covered":0,"skipped":0,"pct":0},"functions":{"total":1,"covered":0,"skipped":0,"pct":0},"statements":{"total":8,"covered":0,"skipped":0,"pct":0},"branches":{"total":1,"covered":0,"skipped":0,"pct":0}}
,"/home/hemicharly/Documentos/Desenvolvimento/estudos/timesheet-in-transit/app/src/shared/audit/index.ts": {"lines":{"total":1,"covered":1,"skipped":0,"pct":100},"functions":{"total":0,"covered":0,"skipped":0,"pct":100},"statements":{"total":1,"covered":1,"skipped":0,"pct":100},"branches":{"total":0,"covered":0,"skipped":0,"pct":100}}
,"/home/hemicharly/Documentos/Desenvolvimento/estudos/timesheet-in-transit/app/src/shared/audit/tracer.context.audit.ts": {"lines":{"total":26,"covered":17,"skipped":0,"pct":65.38},"functions":{"total":4,"covered":1,"skipped":0,"pct":25},"statements":{"total":26,"covered":17,"skipped":0,"pct":65.38},"branches":{"total":2,"covered":1,"skipped":0,"pct":50}}
,"/home/hemicharly/Documentos/Desenvolvimento/estudos/timesheet-in-transit/app/src/shared/audit/integrations/index.ts": {"lines":{"total":2,"covered":2,"skipped":0,"pct":100},"functions":{"total":0,"covered":0,"skipped":0,"pct":100},"statements":{"total":2,"covered":2,"skipped":0,"pct":100},"branches":{"total":0,"covered":0,"skipped":0,"pct":100}}
,"/home/hemicharly/Documentos/Desenvolvimento/estudos/timesheet-in-transit/app/src/shared/audit/integrations/integration.audit.common.ts": {"lines":{"total":168,"covered":33,"skipped":0,"pct":19.64},"functions":{"total":1,"covered":0,"skipped":0,"pct":0},"statements":{"total":168,"covered":33,"skipped":0,"pct":19.64},"branches":{"total":1,"covered":0,"skipped":0,"pct":0}}
,"/home/hemicharly/Documentos/Desenvolvimento/estudos/timesheet-in-transit/app/src/shared/audit/integrations/integration.logger.dto.ts": {"lines":{"total":180,"covered":27,"skipped":0,"pct":15},"functions":{"total":1,"covered":0,"skipped":0,"pct":0},"statements":{"total":180,"covered":27,"skipped":0,"pct":15},"branches":{"total":1,"covered":0,"skipped":0,"pct":0}}
,"/home/hemicharly/Documentos/Desenvolvimento/estudos/timesheet-in-transit/app/src/shared/config/dynamic.config.module.ts": {"lines":{"total":118,"covered":118,"skipped":0,"pct":100},"functions":{"total":4,"covered":3,"skipped":0,"pct":75},"statements":{"total":118,"covered":118,"skipped":0,"pct":100},"branches":{"total":7,"covered":7,"skipped":0,"pct":100}}
,"/home/hemicharly/Documentos/Desenvolvimento/estudos/timesheet-in-transit/app/src/shared/config/index.ts": {"lines":{"total":1,"covered":1,"skipped":0,"pct":100},"functions":{"total":0,"covered":0,"skipped":0,"pct":100},"statements":{"total":1,"covered":1,"skipped":0,"pct":100},"branches":{"total":0,"covered":0,"skipped":0,"pct":100}}
,"/home/hemicharly/Documentos/Desenvolvimento/estudos/timesheet-in-transit/app/src/shared/config/auth/auth.config.module.ts": {"lines":{"total":16,"covered":16,"skipped":0,"pct":100},"functions":{"total":0,"covered":0,"skipped":0,"pct":100},"statements":{"total":16,"covered":16,"skipped":0,"pct":100},"branches":{"total":0,"covered":0,"skipped":0,"pct":100}}
,"/home/hemicharly/Documentos/Desenvolvimento/estudos/timesheet-in-transit/app/src/shared/config/auth/index.ts": {"lines":{"total":1,"covered":1,"skipped":0,"pct":100},"functions":{"total":0,"covered":0,"skipped":0,"pct":100},"statements":{"total":1,"covered":1,"skipped":0,"pct":100},"branches":{"total":0,"covered":0,"skipped":0,"pct":100}}
,"/home/hemicharly/Documentos/Desenvolvimento/estudos/timesheet-in-transit/app/src/shared/config/notification/index.ts": {"lines":{"total":1,"covered":0,"skipped":0,"pct":0},"functions":{"total":1,"covered":0,"skipped":0,"pct":0},"statements":{"total":1,"covered":0,"skipped":0,"pct":0},"branches":{"total":1,"covered":0,"skipped":0,"pct":0}}
,"/home/hemicharly/Documentos/Desenvolvimento/estudos/timesheet-in-transit/app/src/shared/config/notification/notification.consumer.config.module.ts": {"lines":{"total":16,"covered":0,"skipped":0,"pct":0},"functions":{"total":1,"covered":0,"skipped":0,"pct":0},"statements":{"total":16,"covered":0,"skipped":0,"pct":0},"branches":{"total":1,"covered":0,"skipped":0,"pct":0}}
,"/home/hemicharly/Documentos/Desenvolvimento/estudos/timesheet-in-transit/app/src/shared/config/orders/index.ts": {"lines":{"total":1,"covered":1,"skipped":0,"pct":100},"functions":{"total":0,"covered":0,"skipped":0,"pct":100},"statements":{"total":1,"covered":1,"skipped":0,"pct":100},"branches":{"total":0,"covered":0,"skipped":0,"pct":100}}
,"/home/hemicharly/Documentos/Desenvolvimento/estudos/timesheet-in-transit/app/src/shared/config/orders/orders.web.config.module.ts": {"lines":{"total":22,"covered":22,"skipped":0,"pct":100},"functions":{"total":0,"covered":0,"skipped":0,"pct":100},"statements":{"total":22,"covered":22,"skipped":0,"pct":100},"branches":{"total":0,"covered":0,"skipped":0,"pct":100}}
,"/home/hemicharly/Documentos/Desenvolvimento/estudos/timesheet-in-transit/app/src/shared/config/sqs/index.ts": {"lines":{"total":1,"covered":1,"skipped":0,"pct":100},"functions":{"total":0,"covered":0,"skipped":0,"pct":100},"statements":{"total":1,"covered":1,"skipped":0,"pct":100},"branches":{"total":0,"covered":0,"skipped":0,"pct":100}}
,"/home/hemicharly/Documentos/Desenvolvimento/estudos/timesheet-in-transit/app/src/shared/config/sqs/sqs.builder.config.ts": {"lines":{"total":21,"covered":8,"skipped":0,"pct":38.09},"functions":{"total":2,"covered":0,"skipped":0,"pct":0},"statements":{"total":21,"covered":8,"skipped":0,"pct":38.09},"branches":{"total":0,"covered":0,"skipped":0,"pct":100}}
,"/home/hemicharly/Documentos/Desenvolvimento/estudos/timesheet-in-transit/app/src/shared/config/sqs/decorators/index.ts": {"lines":{"total":1,"covered":1,"skipped":0,"pct":100},"functions":{"total":0,"covered":0,"skipped":0,"pct":100},"statements":{"total":1,"covered":1,"skipped":0,"pct":100},"branches":{"total":0,"covered":0,"skipped":0,"pct":100}}
,"/home/hemicharly/Documentos/Desenvolvimento/estudos/timesheet-in-transit/app/src/shared/config/sqs/decorators/sqs.decorators.ts": {"lines":{"total":9,"covered":4,"skipped":0,"pct":44.44},"functions":{"total":1,"covered":0,"skipped":0,"pct":0},"statements":{"total":9,"covered":4,"skipped":0,"pct":44.44},"branches":{"total":0,"covered":0,"skipped":0,"pct":100}}
,"/home/hemicharly/Documentos/Desenvolvimento/estudos/timesheet-in-transit/app/src/shared/config/sqs/decorators/types/index.ts": {"lines":{"total":1,"covered":0,"skipped":0,"pct":0},"functions":{"total":1,"covered":0,"skipped":0,"pct":0},"statements":{"total":1,"covered":0,"skipped":0,"pct":0},"branches":{"total":1,"covered":0,"skipped":0,"pct":0}}
,"/home/hemicharly/Documentos/Desenvolvimento/estudos/timesheet-in-transit/app/src/shared/config/sqs/decorators/types/sqs.decorators.types.ts": {"lines":{"total":44,"covered":0,"skipped":0,"pct":0},"functions":{"total":1,"covered":0,"skipped":0,"pct":0},"statements":{"total":44,"covered":0,"skipped":0,"pct":0},"branches":{"total":1,"covered":0,"skipped":0,"pct":0}}
}
