{"total": {"lines":{"total":2123,"covered":953,"skipped":0,"pct":44.88},"statements":{"total":2123,"covered":953,"skipped":0,"pct":44.88},"functions":{"total":91,"covered":53,"skipped":0,"pct":58.24},"branches":{"total":162,"covered":87,"skipped":0,"pct":53.7},"branchesTrue":{"total":0,"covered":0,"skipped":0,"pct":100}}
,"/home/hemicharly/Documentos/Desenvolvimento/estudos/timesheet-in-transit/app/src/core/domain/entities/auth/apikeyapplication-creation-core.entity.ts": {"lines":{"total":8,"covered":0,"skipped":0,"pct":0},"functions":{"total":1,"covered":0,"skipped":0,"pct":0},"statements":{"total":8,"covered":0,"skipped":0,"pct":0},"branches":{"total":1,"covered":0,"skipped":0,"pct":0}}
,"/home/hemicharly/Documentos/Desenvolvimento/estudos/timesheet-in-transit/app/src/core/domain/entities/notifications/notification.order-core.entity.ts": {"lines":{"total":45,"covered":2,"skipped":0,"pct":4.44},"functions":{"total":1,"covered":0,"skipped":0,"pct":0},"statements":{"total":45,"covered":2,"skipped":0,"pct":4.44},"branches":{"total":1,"covered":0,"skipped":0,"pct":0}}
,"/home/hemicharly/Documentos/Desenvolvimento/estudos/timesheet-in-transit/app/src/core/domain/entities/orders/order-coords-core.entity.ts": {"lines":{"total":85,"covered":85,"skipped":0,"pct":100},"functions":{"total":5,"covered":5,"skipped":0,"pct":100},"statements":{"total":85,"covered":85,"skipped":0,"pct":100},"branches":{"total":8,"covered":8,"skipped":0,"pct":100}}
,"/home/hemicharly/Documentos/Desenvolvimento/estudos/timesheet-in-transit/app/src/core/domain/entities/orders/order-core.entity.ts": {"lines":{"total":28,"covered":28,"skipped":0,"pct":100},"functions":{"total":2,"covered":2,"skipped":0,"pct":100},"statements":{"total":28,"covered":28,"skipped":0,"pct":100},"branches":{"total":4,"covered":4,"skipped":0,"pct":100}}
,"/home/hemicharly/Documentos/Desenvolvimento/estudos/timesheet-in-transit/app/src/core/domain/entities/orders/order-creation-core.entity.ts": {"lines":{"total":28,"covered":28,"skipped":0,"pct":100},"functions":{"total":3,"covered":3,"skipped":0,"pct":100},"statements":{"total":28,"covered":28,"skipped":0,"pct":100},"branches":{"total":3,"covered":3,"skipped":0,"pct":100}}
,"/home/hemicharly/Documentos/Desenvolvimento/estudos/timesheet-in-transit/app/src/core/domain/entities/orders/order-end-core.entity.ts": {"lines":{"total":66,"covered":66,"skipped":0,"pct":100},"functions":{"total":3,"covered":3,"skipped":0,"pct":100},"statements":{"total":66,"covered":66,"skipped":0,"pct":100},"branches":{"total":6,"covered":6,"skipped":0,"pct":100}}
,"/home/hemicharly/Documentos/Desenvolvimento/estudos/timesheet-in-transit/app/src/core/domain/entities/orders/order-find-by-id-core.entity.ts": {"lines":{"total":6,"covered":6,"skipped":0,"pct":100},"functions":{"total":2,"covered":2,"skipped":0,"pct":100},"statements":{"total":6,"covered":6,"skipped":0,"pct":100},"branches":{"total":2,"covered":2,"skipped":0,"pct":100}}
,"/home/hemicharly/Documentos/Desenvolvimento/estudos/timesheet-in-transit/app/src/core/domain/entities/orders/order-pagination-core.entity.ts": {"lines":{"total":14,"covered":14,"skipped":0,"pct":100},"functions":{"total":2,"covered":2,"skipped":0,"pct":100},"statements":{"total":14,"covered":14,"skipped":0,"pct":100},"branches":{"total":2,"covered":2,"skipped":0,"pct":100}}
,"/home/hemicharly/Documentos/Desenvolvimento/estudos/timesheet-in-transit/app/src/core/domain/entities/orders/order-quantity-status.entity.ts": {"lines":{"total":19,"covered":19,"skipped":0,"pct":100},"functions":{"total":2,"covered":2,"skipped":0,"pct":100},"statements":{"total":19,"covered":19,"skipped":0,"pct":100},"branches":{"total":2,"covered":2,"skipped":0,"pct":100}}
,"/home/hemicharly/Documentos/Desenvolvimento/estudos/timesheet-in-transit/app/src/core/domain/entities/orders/order-query-core.entity.ts": {"lines":{"total":19,"covered":19,"skipped":0,"pct":100},"functions":{"total":2,"covered":2,"skipped":0,"pct":100},"statements":{"total":19,"covered":19,"skipped":0,"pct":100},"branches":{"total":2,"covered":2,"skipped":0,"pct":100}}
,"/home/hemicharly/Documentos/Desenvolvimento/estudos/timesheet-in-transit/app/src/core/domain/entities/orders/order-query-quantity-status-core.entity.ts": {"lines":{"total":18,"covered":18,"skipped":0,"pct":100},"functions":{"total":2,"covered":2,"skipped":0,"pct":100},"statements":{"total":18,"covered":18,"skipped":0,"pct":100},"branches":{"total":2,"covered":2,"skipped":0,"pct":100}}
,"/home/hemicharly/Documentos/Desenvolvimento/estudos/timesheet-in-transit/app/src/core/domain/entities/orders/order-start-core.entity.ts": {"lines":{"total":61,"covered":61,"skipped":0,"pct":100},"functions":{"total":3,"covered":3,"skipped":0,"pct":100},"statements":{"total":61,"covered":61,"skipped":0,"pct":100},"branches":{"total":6,"covered":6,"skipped":0,"pct":100}}
,"/home/hemicharly/Documentos/Desenvolvimento/estudos/timesheet-in-transit/app/src/core/domain/entities/orders/order-total-hours-core.entity.ts": {"lines":{"total":113,"covered":113,"skipped":0,"pct":100},"functions":{"total":6,"covered":6,"skipped":0,"pct":100},"statements":{"total":113,"covered":113,"skipped":0,"pct":100},"branches":{"total":18,"covered":18,"skipped":0,"pct":100}}
,"/home/hemicharly/Documentos/Desenvolvimento/estudos/timesheet-in-transit/app/src/core/domain/entities/shared/error-item-core.entity.ts": {"lines":{"total":4,"covered":0,"skipped":0,"pct":0},"functions":{"total":1,"covered":0,"skipped":0,"pct":0},"statements":{"total":4,"covered":0,"skipped":0,"pct":0},"branches":{"total":0,"covered":0,"skipped":0,"pct":100}}
,"/home/hemicharly/Documentos/Desenvolvimento/estudos/timesheet-in-transit/app/src/core/domain/entities/shared/generic-pagination-core.entity.ts": {"lines":{"total":11,"covered":11,"skipped":0,"pct":100},"functions":{"total":2,"covered":2,"skipped":0,"pct":100},"statements":{"total":11,"covered":11,"skipped":0,"pct":100},"branches":{"total":4,"covered":2,"skipped":0,"pct":50}}
,"/home/hemicharly/Documentos/Desenvolvimento/estudos/timesheet-in-transit/app/src/core/domain/entities/shared/pagination-core.entity.ts": {"lines":{"total":11,"covered":11,"skipped":0,"pct":100},"functions":{"total":2,"covered":2,"skipped":0,"pct":100},"statements":{"total":11,"covered":11,"skipped":0,"pct":100},"branches":{"total":5,"covered":4,"skipped":0,"pct":80}}
,"/home/hemicharly/Documentos/Desenvolvimento/estudos/timesheet-in-transit/app/src/core/domain/entities/shared/validate-dates-core.entity.ts": {"lines":{"total":16,"covered":6,"skipped":0,"pct":37.5},"functions":{"total":1,"covered":0,"skipped":0,"pct":0},"statements":{"total":16,"covered":6,"skipped":0,"pct":37.5},"branches":{"total":0,"covered":0,"skipped":0,"pct":100}}
,"/home/hemicharly/Documentos/Desenvolvimento/estudos/timesheet-in-transit/app/src/core/domain/exceptions/error/code-error.ts": {"lines":{"total":24,"covered":24,"skipped":0,"pct":100},"functions":{"total":0,"covered":0,"skipped":0,"pct":100},"statements":{"total":24,"covered":24,"skipped":0,"pct":100},"branches":{"total":0,"covered":0,"skipped":0,"pct":100}}
,"/home/hemicharly/Documentos/Desenvolvimento/estudos/timesheet-in-transit/app/src/core/usecases/auth/impl/check-api-key.usecase.impl.ts": {"lines":{"total":41,"covered":5,"skipped":0,"pct":12.19},"functions":{"total":1,"covered":0,"skipped":0,"pct":0},"statements":{"total":41,"covered":5,"skipped":0,"pct":12.19},"branches":{"total":1,"covered":0,"skipped":0,"pct":0}}
,"/home/hemicharly/Documentos/Desenvolvimento/estudos/timesheet-in-transit/app/src/core/usecases/notification/impl/notification.order.register.usecase.impl.ts": {"lines":{"total":15,"covered":5,"skipped":0,"pct":33.33},"functions":{"total":1,"covered":0,"skipped":0,"pct":0},"statements":{"total":15,"covered":5,"skipped":0,"pct":33.33},"branches":{"total":1,"covered":0,"skipped":0,"pct":0}}
,"/home/hemicharly/Documentos/Desenvolvimento/estudos/timesheet-in-transit/app/src/core/usecases/notification/impl/notification.send.webhook.usecase.impl.ts": {"lines":{"total":11,"covered":3,"skipped":0,"pct":27.27},"functions":{"total":1,"covered":0,"skipped":0,"pct":0},"statements":{"total":11,"covered":3,"skipped":0,"pct":27.27},"branches":{"total":1,"covered":0,"skipped":0,"pct":0}}
,"/home/hemicharly/Documentos/Desenvolvimento/estudos/timesheet-in-transit/app/src/core/usecases/orders/impl/order-creation.usecase.impl.ts": {"lines":{"total":24,"covered":6,"skipped":0,"pct":25},"functions":{"total":1,"covered":0,"skipped":0,"pct":0},"statements":{"total":24,"covered":6,"skipped":0,"pct":25},"branches":{"total":1,"covered":0,"skipped":0,"pct":0}}
,"/home/hemicharly/Documentos/Desenvolvimento/estudos/timesheet-in-transit/app/src/core/usecases/orders/impl/order-end.usecase.impl.ts": {"lines":{"total":30,"covered":7,"skipped":0,"pct":23.33},"functions":{"total":1,"covered":0,"skipped":0,"pct":0},"statements":{"total":30,"covered":7,"skipped":0,"pct":23.33},"branches":{"total":1,"covered":0,"skipped":0,"pct":0}}
,"/home/hemicharly/Documentos/Desenvolvimento/estudos/timesheet-in-transit/app/src/core/usecases/orders/impl/order-find-by-id.usecase.impl.ts": {"lines":{"total":17,"covered":6,"skipped":0,"pct":35.29},"functions":{"total":1,"covered":0,"skipped":0,"pct":0},"statements":{"total":17,"covered":6,"skipped":0,"pct":35.29},"branches":{"total":1,"covered":0,"skipped":0,"pct":0}}
,"/home/hemicharly/Documentos/Desenvolvimento/estudos/timesheet-in-transit/app/src/core/usecases/orders/impl/order-query-quantity-status.usecase.impl.ts": {"lines":{"total":13,"covered":5,"skipped":0,"pct":38.46},"functions":{"total":1,"covered":0,"skipped":0,"pct":0},"statements":{"total":13,"covered":5,"skipped":0,"pct":38.46},"branches":{"total":1,"covered":0,"skipped":0,"pct":0}}
,"/home/hemicharly/Documentos/Desenvolvimento/estudos/timesheet-in-transit/app/src/core/usecases/orders/impl/order-query.usecase.impl.ts": {"lines":{"total":15,"covered":5,"skipped":0,"pct":33.33},"functions":{"total":1,"covered":0,"skipped":0,"pct":0},"statements":{"total":15,"covered":5,"skipped":0,"pct":33.33},"branches":{"total":1,"covered":0,"skipped":0,"pct":0}}
,"/home/hemicharly/Documentos/Desenvolvimento/estudos/timesheet-in-transit/app/src/core/usecases/orders/impl/order-start.usecase.impl.ts": {"lines":{"total":27,"covered":6,"skipped":0,"pct":22.22},"functions":{"total":1,"covered":0,"skipped":0,"pct":0},"statements":{"total":27,"covered":6,"skipped":0,"pct":22.22},"branches":{"total":1,"covered":0,"skipped":0,"pct":0}}
,"/home/hemicharly/Documentos/Desenvolvimento/estudos/timesheet-in-transit/app/src/entrypoints/consumers/notification/notification.order.consumer.service.ts": {"lines":{"total":16,"covered":0,"skipped":0,"pct":0},"functions":{"total":1,"covered":0,"skipped":0,"pct":0},"statements":{"total":16,"covered":0,"skipped":0,"pct":0},"branches":{"total":1,"covered":0,"skipped":0,"pct":0}}
,"/home/hemicharly/Documentos/Desenvolvimento/estudos/timesheet-in-transit/app/src/entrypoints/web/rest/health/health.controller.ts": {"lines":{"total":31,"covered":0,"skipped":0,"pct":0},"functions":{"total":1,"covered":0,"skipped":0,"pct":0},"statements":{"total":31,"covered":0,"skipped":0,"pct":0},"branches":{"total":1,"covered":0,"skipped":0,"pct":0}}
,"/home/hemicharly/Documentos/Desenvolvimento/estudos/timesheet-in-transit/app/src/entrypoints/web/rest/health/mappers/health.check.result.mapper.ts": {"lines":{"total":13,"covered":0,"skipped":0,"pct":0},"functions":{"total":1,"covered":0,"skipped":0,"pct":0},"statements":{"total":13,"covered":0,"skipped":0,"pct":0},"branches":{"total":1,"covered":0,"skipped":0,"pct":0}}
,"/home/hemicharly/Documentos/Desenvolvimento/estudos/timesheet-in-transit/app/src/entrypoints/web/rest/orders/orders.controller.ts": {"lines":{"total":100,"covered":100,"skipped":0,"pct":100},"functions":{"total":7,"covered":7,"skipped":0,"pct":100},"statements":{"total":100,"covered":100,"skipped":0,"pct":100},"branches":{"total":42,"covered":7,"skipped":0,"pct":16.66}}
,"/home/hemicharly/Documentos/Desenvolvimento/estudos/timesheet-in-transit/app/src/entrypoints/web/rest/orders/mappers/order-creation-app.mapper.ts": {"lines":{"total":25,"covered":25,"skipped":0,"pct":100},"functions":{"total":2,"covered":2,"skipped":0,"pct":100},"statements":{"total":25,"covered":25,"skipped":0,"pct":100},"branches":{"total":2,"covered":2,"skipped":0,"pct":100}}
,"/home/hemicharly/Documentos/Desenvolvimento/estudos/timesheet-in-transit/app/src/entrypoints/web/rest/orders/mappers/order-end-app.mapper.ts": {"lines":{"total":14,"covered":14,"skipped":0,"pct":100},"functions":{"total":1,"covered":1,"skipped":0,"pct":100},"statements":{"total":14,"covered":14,"skipped":0,"pct":100},"branches":{"total":2,"covered":1,"skipped":0,"pct":50}}
,"/home/hemicharly/Documentos/Desenvolvimento/estudos/timesheet-in-transit/app/src/entrypoints/web/rest/orders/mappers/order-find-by-id-app.mapper.ts": {"lines":{"total":26,"covered":26,"skipped":0,"pct":100},"functions":{"total":2,"covered":2,"skipped":0,"pct":100},"statements":{"total":26,"covered":26,"skipped":0,"pct":100},"branches":{"total":2,"covered":2,"skipped":0,"pct":100}}
,"/home/hemicharly/Documentos/Desenvolvimento/estudos/timesheet-in-transit/app/src/entrypoints/web/rest/orders/mappers/order-query-app.mapper.ts": {"lines":{"total":39,"covered":39,"skipped":0,"pct":100},"functions":{"total":2,"covered":2,"skipped":0,"pct":100},"statements":{"total":39,"covered":39,"skipped":0,"pct":100},"branches":{"total":6,"covered":6,"skipped":0,"pct":100}}
,"/home/hemicharly/Documentos/Desenvolvimento/estudos/timesheet-in-transit/app/src/entrypoints/web/rest/orders/mappers/order-query-quantity-status-app.mapper.ts": {"lines":{"total":20,"covered":20,"skipped":0,"pct":100},"functions":{"total":2,"covered":2,"skipped":0,"pct":100},"statements":{"total":20,"covered":20,"skipped":0,"pct":100},"branches":{"total":7,"covered":7,"skipped":0,"pct":100}}
,"/home/hemicharly/Documentos/Desenvolvimento/estudos/timesheet-in-transit/app/src/entrypoints/web/rest/orders/mappers/order-start-app.mapper.ts": {"lines":{"total":13,"covered":13,"skipped":0,"pct":100},"functions":{"total":1,"covered":1,"skipped":0,"pct":100},"statements":{"total":13,"covered":13,"skipped":0,"pct":100},"branches":{"total":1,"covered":1,"skipped":0,"pct":100}}
,"/home/hemicharly/Documentos/Desenvolvimento/estudos/timesheet-in-transit/app/src/entrypoints/web/shared/middleware/logger/logging.middleware.ts": {"lines":{"total":89,"covered":0,"skipped":0,"pct":0},"functions":{"total":1,"covered":0,"skipped":0,"pct":0},"statements":{"total":89,"covered":0,"skipped":0,"pct":0},"branches":{"total":1,"covered":0,"skipped":0,"pct":0}}
,"/home/hemicharly/Documentos/Desenvolvimento/estudos/timesheet-in-transit/app/src/infrastructure/config-env/impl/config.env.provider.impl.ts": {"lines":{"total":24,"covered":6,"skipped":0,"pct":25},"functions":{"total":1,"covered":0,"skipped":0,"pct":0},"statements":{"total":24,"covered":6,"skipped":0,"pct":25},"branches":{"total":2,"covered":0,"skipped":0,"pct":0}}
,"/home/hemicharly/Documentos/Desenvolvimento/estudos/timesheet-in-transit/app/src/infrastructure/integrations/webhook-client/impl/webhook.integration.client.provider.impl.ts": {"lines":{"total":18,"covered":8,"skipped":0,"pct":44.44},"functions":{"total":1,"covered":0,"skipped":0,"pct":0},"statements":{"total":18,"covered":8,"skipped":0,"pct":44.44},"branches":{"total":2,"covered":0,"skipped":0,"pct":0}}
,"/home/hemicharly/Documentos/Desenvolvimento/estudos/timesheet-in-transit/app/src/infrastructure/queue/sqs/impl/sqs.consumer.queue.provider.impl.ts": {"lines":{"total":251,"covered":12,"skipped":0,"pct":4.78},"functions":{"total":1,"covered":0,"skipped":0,"pct":0},"statements":{"total":251,"covered":12,"skipped":0,"pct":4.78},"branches":{"total":5,"covered":0,"skipped":0,"pct":0}}
,"/home/hemicharly/Documentos/Desenvolvimento/estudos/timesheet-in-transit/app/src/infrastructure/queue/sqs/impl/sqs.producer.queue.provider.impl.ts": {"lines":{"total":67,"covered":10,"skipped":0,"pct":14.92},"functions":{"total":1,"covered":0,"skipped":0,"pct":0},"statements":{"total":67,"covered":10,"skipped":0,"pct":14.92},"branches":{"total":3,"covered":0,"skipped":0,"pct":0}}
,"/home/hemicharly/Documentos/Desenvolvimento/estudos/timesheet-in-transit/app/src/infrastructure/repositories/auth/entity/api-key-application.entity.ts": {"lines":{"total":24,"covered":5,"skipped":0,"pct":20.83},"functions":{"total":1,"covered":0,"skipped":0,"pct":0},"statements":{"total":24,"covered":5,"skipped":0,"pct":20.83},"branches":{"total":2,"covered":0,"skipped":0,"pct":0}}
,"/home/hemicharly/Documentos/Desenvolvimento/estudos/timesheet-in-transit/app/src/infrastructure/repositories/auth/impl/apikeyapplication-repository.provider.impl.ts": {"lines":{"total":26,"covered":10,"skipped":0,"pct":38.46},"functions":{"total":1,"covered":0,"skipped":0,"pct":0},"statements":{"total":26,"covered":10,"skipped":0,"pct":38.46},"branches":{"total":2,"covered":0,"skipped":0,"pct":0}}
,"/home/hemicharly/Documentos/Desenvolvimento/estudos/timesheet-in-transit/app/src/infrastructure/repositories/auth/transformers/apikeyapplication-infra.transformer.ts": {"lines":{"total":33,"covered":8,"skipped":0,"pct":24.24},"functions":{"total":2,"covered":0,"skipped":0,"pct":0},"statements":{"total":33,"covered":8,"skipped":0,"pct":24.24},"branches":{"total":0,"covered":0,"skipped":0,"pct":100}}
,"/home/hemicharly/Documentos/Desenvolvimento/estudos/timesheet-in-transit/app/src/infrastructure/repositories/orders/entity/order.entity.ts": {"lines":{"total":51,"covered":6,"skipped":0,"pct":11.76},"functions":{"total":1,"covered":0,"skipped":0,"pct":0},"statements":{"total":51,"covered":6,"skipped":0,"pct":11.76},"branches":{"total":2,"covered":0,"skipped":0,"pct":0}}
,"/home/hemicharly/Documentos/Desenvolvimento/estudos/timesheet-in-transit/app/src/infrastructure/repositories/orders/impl/order-repository.provider.impl.ts": {"lines":{"total":76,"covered":21,"skipped":0,"pct":27.63},"functions":{"total":1,"covered":0,"skipped":0,"pct":0},"statements":{"total":76,"covered":21,"skipped":0,"pct":27.63},"branches":{"total":2,"covered":0,"skipped":0,"pct":0}}
,"/home/hemicharly/Documentos/Desenvolvimento/estudos/timesheet-in-transit/app/src/infrastructure/repositories/orders/mappers/order-infra.mapper.ts": {"lines":{"total":230,"covered":38,"skipped":0,"pct":16.52},"functions":{"total":10,"covered":0,"skipped":0,"pct":0},"statements":{"total":230,"covered":38,"skipped":0,"pct":16.52},"branches":{"total":0,"covered":0,"skipped":0,"pct":100}}
,"/home/hemicharly/Documentos/Desenvolvimento/estudos/timesheet-in-transit/app/src/shared/audit/integrations/integration.audit.interceptor.ts": {"lines":{"total":168,"covered":33,"skipped":0,"pct":19.64},"functions":{"total":1,"covered":0,"skipped":0,"pct":0},"statements":{"total":168,"covered":33,"skipped":0,"pct":19.64},"branches":{"total":1,"covered":0,"skipped":0,"pct":0}}
}
